#
# There is insufficient memory for the Java Runtime Environment to continue.
# Native memory allocation (mmap) failed to map 144703488 bytes for committing reserved memory.
# Possible reasons:
#   The system is out of physical RAM or swap space
#   In 32 bit mode, the process size limit was hit
# Possible solutions:
#   Reduce memory load on the system
#   Increase physical memory or swap space
#   Check if swap backing store is full
#   Use 64 bit Java on a 64 bit OS
#   Decrease Java heap size (-Xmx/-Xms)
#   Decrease number of Java threads
#   Decrease Java thread stack sizes (-Xss)
#   Set larger code cache with -XX:ReservedCodeCacheSize=
# This output file may be truncated or incomplete.
#
#  Out of Memory Error (os_linux.cpp:2627), pid=2968, tid=0x00007fcc587b5700
#
# JRE version: OpenJDK Runtime Environment (8.0_76-b03) (build 1.8.0_76-release-b03)
# Java VM: OpenJDK 64-Bit Server VM (25.76-b03 mixed mode linux-amd64 compressed oops)
# Failed to write core dump. Core dumps have been disabled. To enable core dumping, try "ulimit -c unlimited" before starting Java again
#

---------------  T H R E A D  ---------------

Current thread (0x00007fcc70077800):  VMThread [stack: 0x00007fcc586b5000,0x00007fcc587b6000] [id=2977]

Stack: [0x00007fcc586b5000,0x00007fcc587b6000],  sp=0x00007fcc587b44d0,  free space=1021k
Native frames: (J=compiled Java code, j=interpreted, Vv=VM code, C=native code)
V  [libjvm.so+0x9d9fcd]  VMError::report_and_die()+0x15d
V  [libjvm.so+0x4b4d4a]  report_vm_out_of_memory(char const*, int, unsigned long, VMErrorType, char const*)+0x8a
V  [libjvm.so+0x845190]  os::pd_commit_memory(char*, unsigned long, unsigned long, bool)+0xf0
V  [libjvm.so+0x83fcbf]  os::commit_memory(char*, unsigned long, unsigned long, bool)+0x1f
V  [libjvm.so+0x8b4d9b]  PSVirtualSpace::expand_by(unsigned long)+0x5b
V  [libjvm.so+0x8a5b7b]  PSOldGen::expand_by(unsigned long) [clone .part.109]+0x1b
V  [libjvm.so+0x8a5d3b]  PSOldGen::expand(unsigned long) [clone .part.111]+0xdb
V  [libjvm.so+0x8a6618]  PSOldGen::resize(unsigned long)+0x188
V  [libjvm.so+0x8abc2c]  PSParallelCompact::invoke_no_policy(bool)+0x97c
V  [libjvm.so+0x8b2d3d]  PSScavenge::invoke()+0x17d
V  [libjvm.so+0x8681f3]  ParallelScavengeHeap::failed_mem_allocate(unsigned long)+0x63
V  [libjvm.so+0x9dba94]  VM_ParallelGCFailedAllocation::doit()+0x84
V  [libjvm.so+0x9dfe47]  VM_Operation::evaluate()+0x47
V  [libjvm.so+0x9de908]  VMThread::evaluate_operation(VM_Operation*)+0x2c8
V  [libjvm.so+0x9ded89]  VMThread::loop()+0x219
V  [libjvm.so+0x9df1d2]  VMThread::run()+0x72
V  [libjvm.so+0x8425b2]  java_start(Thread*)+0xf2

VM_Operation (0x00007fcbf48270d0): ParallelGCFailedAllocation, mode: safepoint, requested by thread 0x00007fcbe41de800


---------------  P R O C E S S  ---------------

Java Threads: ( => current thread )
  0x00007fcbe41bf000 JavaThread "pool-155-thread-1" [_thread_blocked, id=3640, stack(0x00007fcbf5938000,0x00007fcbf5a39000)]
  0x00007fcbe4329800 JavaThread "pool-159-thread-4" [_thread_blocked, id=3639, stack(0x00007fcbf4425000,0x00007fcbf4526000)]
  0x00007fcbe4329000 JavaThread "pool-159-thread-3" [_thread_blocked, id=3638, stack(0x00007fcbf4e2d000,0x00007fcbf4f2e000)]
  0x00007fcbe401f800 JavaThread "pool-159-thread-2" [_thread_blocked, id=3637, stack(0x00007fcbf5635000,0x00007fcbf5736000)]
  0x00007fcbe4052800 JavaThread "pool-160-thread-1" [_thread_blocked, id=3636, stack(0x00007fcbf5332000,0x00007fcbf5433000)]
  0x00007fcbe4202000 JavaThread "pool-159-thread-1" [_thread_blocked, id=3635, stack(0x00007fcbf4829000,0x00007fcbf492a000)]
  0x00007fcbe41de800 JavaThread "pool-147-thread-4" [_thread_blocked, id=3625, stack(0x00007fcbf4728000,0x00007fcbf4829000)]
  0x00007fcbe42ef800 JavaThread "pool-147-thread-3" [_thread_blocked, id=3624, stack(0x00007fcbf5534000,0x00007fcbf5635000)]
  0x00007fcbe40b8800 JavaThread "pool-147-thread-2" [_thread_blocked, id=3623, stack(0x00007fcbf5130000,0x00007fcbf5231000)]
  0x00007fcbe418d800 JavaThread "pool-148-thread-1" [_thread_blocked, id=3622, stack(0x00007fcbf4d2c000,0x00007fcbf4e2d000)]
  0x00007fcbe403f000 JavaThread "pool-147-thread-1" [_thread_blocked, id=3617, stack(0x00007fcbf492a000,0x00007fcbf4a2b000)]
  0x00007fcbe40a0000 JavaThread "pool-69-thread-4" [_thread_blocked, id=3462, stack(0x00007fcbf502f000,0x00007fcbf5130000)]
  0x00007fcbe418f000 JavaThread "pool-69-thread-3" [_thread_blocked, id=3461, stack(0x00007fcbf4627000,0x00007fcbf4728000)]
  0x00007fcbe4054000 JavaThread "pool-69-thread-2" [_thread_blocked, id=3460, stack(0x00007fcbf5736000,0x00007fcbf5837000)]
  0x00007fcbe410b000 JavaThread "pool-70-thread-1" [_thread_blocked, id=3459, stack(0x00007fcbf5433000,0x00007fcbf5534000)]
  0x00007fcbe40ea800 JavaThread "pool-69-thread-1" [_thread_blocked, id=3458, stack(0x00007fcbf4c2b000,0x00007fcbf4d2c000)]
  0x00007fcbe8001800 JavaThread "pool-10-thread-4" [_thread_blocked, id=3344, stack(0x00007fcbf5a39000,0x00007fcbf5b3a000)]
  0x00007fcbec008800 JavaThread "pool-10-thread-3" [_thread_blocked, id=3343, stack(0x00007fcbf69fa000,0x00007fcbf6afb000)]
  0x00007fcbe0005000 JavaThread "pool-10-thread-2" [_thread_blocked, id=3342, stack(0x00007fcbf602f000,0x00007fcbf6130000)]
  0x00007fcbf0005800 JavaThread "pool-10-thread-1" [_thread_blocked, id=3341, stack(0x00007fcbf6afb000,0x00007fcbf6bfc000)]
  0x00007fcc1c161000 JavaThread "pool-7-thread-4" [_thread_blocked, id=3340, stack(0x00007fcbf6bfc000,0x00007fcbf6cfd000)]
  0x00007fcc1c14c800 JavaThread "pool-7-thread-3" [_thread_blocked, id=3339, stack(0x00007fcbf6cfd000,0x00007fcbf6dfe000)]
  0x00007fcbe0001800 JavaThread "process reaper" daemon [_thread_blocked, id=3333, stack(0x00007fcc3d0c2000,0x00007fcc3d0fb000)]
  0x00007fcc1c0f7000 JavaThread "pool-7-thread-2" [_thread_blocked, id=3329, stack(0x00007fcbf6dfe000,0x00007fcbf6eff000)]
  0x00007fcc1c0f4800 JavaThread "pool-7-thread-1" [_thread_blocked, id=3328, stack(0x00007fcbf6eff000,0x00007fcbf7000000)]
  0x00007fcc1c0f2000 JavaThread "Cache update executor" [_thread_blocked, id=3327, stack(0x00007fcc3c012000,0x00007fcc3c113000)]
  0x00007fcc1c019000 JavaThread "Stdin handler" [_thread_blocked, id=3324, stack(0x00007fcc3d774000,0x00007fcc3d875000)]
  0x00007fcc1c018800 JavaThread "Asynchronous log dispatcher for DefaultDaemonConnection: socket connection from /127.0.0.1:46446 to /127.0.0.1:46267" [_thread_blocked, id=3323, stack(0x00007fcc3d875000,0x00007fcc3d976000)]
  0x00007fcc1800a800 JavaThread "Daemon worker Thread 2" [_thread_blocked, id=3322, stack(0x00007fcc3da77000,0x00007fcc3db78000)]
  0x00007fcc18008800 JavaThread "Cancel handler" [_thread_blocked, id=3321, stack(0x00007fcc3dc79000,0x00007fcc3dd7a000)]
  0x00007fcc18005800 JavaThread "Handler for socket connection from /127.0.0.1:46446 to /127.0.0.1:46267" [_thread_in_native, id=3320, stack(0x00007fcc3d976000,0x00007fcc3da77000)]
  0x00007fcc24011800 JavaThread "Daemon Thread 2" [_thread_blocked, id=3319, stack(0x00007fcc3dd7a000,0x00007fcc3de7b000)]
  0x00007fcc086bc000 JavaThread "pool-2-thread-1" [_thread_blocked, id=3055, stack(0x00007fcc3c126000,0x00007fcc3c227000)]
  0x00007fcc08e4d000 JavaThread "File lock request listener" [_thread_in_native, id=3018, stack(0x00007fcc3c951000,0x00007fcc3ca52000)]
  0x00007fcc70d7e800 JavaThread "pool-1-thread-1" [_thread_blocked, id=2989, stack(0x00007fcc3db78000,0x00007fcc3dc79000)]
  0x00007fcc70d3f000 JavaThread "Incoming local TCP Connector on port 46446" [_thread_in_native, id=2986, stack(0x00007fcc3e082000,0x00007fcc3e183000)]
  0x00007fcc700c8000 JavaThread "Service Thread" daemon [_thread_blocked, id=2984, stack(0x00007fcc3f81d000,0x00007fcc3f91e000)]
  0x00007fcc700bd000 JavaThread "C1 CompilerThread2" daemon [_thread_blocked, id=2983, stack(0x00007fcc580af000,0x00007fcc581b0000)]
  0x00007fcc700bb000 JavaThread "C2 CompilerThread1" daemon [_thread_blocked, id=2982, stack(0x00007fcc581b0000,0x00007fcc582b1000)]
  0x00007fcc700b8000 JavaThread "C2 CompilerThread0" daemon [_thread_blocked, id=2981, stack(0x00007fcc582b1000,0x00007fcc583b2000)]
  0x00007fcc700b6800 JavaThread "Signal Dispatcher" daemon [_thread_blocked, id=2980, stack(0x00007fcc583b2000,0x00007fcc584b3000)]
  0x00007fcc70084000 JavaThread "Finalizer" daemon [_thread_blocked, id=2979, stack(0x00007fcc584b3000,0x00007fcc585b4000)]
  0x00007fcc7007f800 JavaThread "Reference Handler" daemon [_thread_blocked, id=2978, stack(0x00007fcc585b4000,0x00007fcc586b5000)]
  0x00007fcc7000a000 JavaThread "main" [_thread_blocked, id=2970, stack(0x00007fcc77f4a000,0x00007fcc7804b000)]

Other Threads:
=>0x00007fcc70077800 VMThread [stack: 0x00007fcc586b5000,0x00007fcc587b6000] [id=2977]
  0x00007fcc700ca800 WatcherThread [stack: 0x00007fcc3f71c000,0x00007fcc3f81d000] [id=2985]

VM state:at safepoint (normal execution)

VM Mutex/Monitor currently owned by a thread:  ([mutex/lock_event])
[0x00007fcc70005d10] ExpandHeap_lock - owner thread: 0x00007fcc70077800
[0x00007fcc70006390] Threads_lock - owner thread: 0x00007fcc70077800
[0x00007fcc70006890] Heap_lock - owner thread: 0x00007fcbe41de800

Heap:
 PSYoungGen      total 349696K, used 0K [0x00000000e0000000, 0x0000000100000000, 0x0000000100000000)
  eden space 175104K, 0% used [0x00000000e0000000,0x00000000e0000000,0x00000000eab00000)
  from space 174592K, 0% used [0x00000000eab00000,0x00000000eab00000,0x00000000f5580000)
  to   space 168448K, 0% used [0x00000000f5b80000,0x00000000f5b80000,0x0000000100000000)
 ParOldGen       total 362496K, used 322788K [0x00000000a0000000, 0x00000000b6200000, 0x00000000e0000000)
  object space 362496K, 89% used [0x00000000a0000000,0x00000000b3b39280,0x00000000b6200000)
 Metaspace       used 66428K, capacity 68410K, committed 68608K, reserved 1110016K
  class space    used 8427K, capacity 8871K, committed 8960K, reserved 1048576K

Card table byte_map: [0x00007fcc74af3000,0x00007fcc74df4000] byte_map_base: 0x00007fcc745f3000

Marking Bits: (ParMarkBitMap*) 0x00007fcc774201a0
 Begin Bits: [0x00007fcc59000000, 0x00007fcc5a800000)
 End Bits:   [0x00007fcc5a800000, 0x00007fcc5c000000)

Polling page: 0x00007fcc78070000

CodeCache: size=245760Kb used=42159Kb max_used=42299Kb free=203600Kb
 bounds [0x00007fcc61000000, 0x00007fcc639b0000, 0x00007fcc70000000]
 total_blobs=13016 nmethods=12254 adapters=675
 compilation: enabled

Compilation events (10 events):
Event: 429.365 Thread 0x00007fcc700b8000 nmethod 15698 0x00007fcc639939d0 code [0x00007fcc63993d40, 0x00007fcc639964e0]
Event: 429.367 Thread 0x00007fcc700b8000 16262       4       com.android.dx.ssa.back.RegisterAllocator::insertMoveBefore (240 bytes)
Event: 429.492 Thread 0x00007fcc700bd000 16265 %     3       com.android.dx.ssa.back.FirstFitLocalCombiningAllocator::fitPlanForRange @ 52 (250 bytes)
Event: 429.495 Thread 0x00007fcc700bd000 nmethod 16265% 0x00007fcc63998490 code [0x00007fcc63998840, 0x00007fcc6399ade8]
Event: 429.498 Thread 0x00007fcc700bd000 16266       3       com.android.dx.ssa.back.FirstFitLocalCombiningAllocator::fitPlanForRange (250 bytes)
Event: 429.501 Thread 0x00007fcc700bd000 nmethod 16266 0x00007fcc6377e710 code [0x00007fcc6377eac0, 0x00007fcc63780e08]
Event: 429.713 Thread 0x00007fcc700bb000 nmethod 16196 0x00007fcc6399c7d0 code [0x00007fcc6399ce60, 0x00007fcc639a2580]
Event: 429.713 Thread 0x00007fcc700bb000 16263       4       com.android.dx.ssa.back.LivenessAnalyzer::handleTailRecursion (94 bytes)
Event: 429.723 Thread 0x00007fcc700bd000 16267       2       com.android.dx.rop.code.RegisterSpecList::withoutFirst (62 bytes)
Event: 429.724 Thread 0x00007fcc700bd000 nmethod 16267 0x00007fcc62da0290 code [0x00007fcc62da0460, 0x00007fcc62da0a48]

GC Heap History (10 events):
Event: 427.782 GC heap after
Heap after GC invocations=37 (full 8):
 PSYoungGen      total 362496K, used 48530K [0x00000000e0000000, 0x00000000ff100000, 0x0000000100000000)
  eden space 226816K, 0% used [0x00000000e0000000,0x00000000e0000000,0x00000000edd80000)
  from space 135680K, 35% used [0x00000000edd80000,0x00000000f0ce4a28,0x00000000f6200000)
  to   space 126976K, 0% used [0x00000000f7500000,0x00000000f7500000,0x00000000ff100000)
 ParOldGen       total 362496K, used 200163K [0x00000000a0000000, 0x00000000b6200000, 0x00000000e0000000)
  object space 362496K, 55% used [0x00000000a0000000,0x00000000ac378ef8,0x00000000b6200000)
 Metaspace       used 66427K, capacity 68410K, committed 68608K, reserved 1110016K
  class space    used 8427K, capacity 8871K, committed 8960K, reserved 1048576K
}
Event: 428.259 GC heap before
{Heap before GC invocations=38 (full 8):
 PSYoungGen      total 362496K, used 275346K [0x00000000e0000000, 0x00000000ff100000, 0x0000000100000000)
  eden space 226816K, 100% used [0x00000000e0000000,0x00000000edd80000,0x00000000edd80000)
  from space 135680K, 35% used [0x00000000edd80000,0x00000000f0ce4a28,0x00000000f6200000)
  to   space 126976K, 0% used [0x00000000f7500000,0x00000000f7500000,0x00000000ff100000)
 ParOldGen       total 362496K, used 200163K [0x00000000a0000000, 0x00000000b6200000, 0x00000000e0000000)
  object space 362496K, 55% used [0x00000000a0000000,0x00000000ac378ef8,0x00000000b6200000)
 Metaspace       used 66428K, capacity 68410K, committed 68608K, reserved 1110016K
  class space    used 8427K, capacity 8871K, committed 8960K, reserved 1048576K
Event: 428.344 GC heap after
Heap after GC invocations=38 (full 8):
 PSYoungGen      total 380416K, used 73122K [0x00000000e0000000, 0x00000000ff680000, 0x0000000100000000)
  eden space 253440K, 0% used [0x00000000e0000000,0x00000000e0000000,0x00000000ef780000)
  from space 126976K, 57% used [0x00000000f7500000,0x00000000fbc68bf8,0x00000000ff100000)
  to   space 128512K, 0% used [0x00000000ef780000,0x00000000ef780000,0x00000000f7500000)
 ParOldGen       total 362496K, used 200163K [0x00000000a0000000, 0x00000000b6200000, 0x00000000e0000000)
  object space 362496K, 55% used [0x00000000a0000000,0x00000000ac378ef8,0x00000000b6200000)
 Metaspace       used 66428K, capacity 68410K, committed 68608K, reserved 1110016K
  class space    used 8427K, capacity 8871K, committed 8960K, reserved 1048576K
}
Event: 428.719 GC heap before
{Heap before GC invocations=39 (full 8):
 PSYoungGen      total 380416K, used 326562K [0x00000000e0000000, 0x00000000ff680000, 0x0000000100000000)
  eden space 253440K, 100% used [0x00000000e0000000,0x00000000ef780000,0x00000000ef780000)
  from space 126976K, 57% used [0x00000000f7500000,0x00000000fbc68bf8,0x00000000ff100000)
  to   space 128512K, 0% used [0x00000000ef780000,0x00000000ef780000,0x00000000f7500000)
 ParOldGen       total 362496K, used 200163K [0x00000000a0000000, 0x00000000b6200000, 0x00000000e0000000)
  object space 362496K, 55% used [0x00000000a0000000,0x00000000ac378ef8,0x00000000b6200000)
 Metaspace       used 66428K, capacity 68410K, committed 68608K, reserved 1110016K
  class space    used 8427K, capacity 8871K, committed 8960K, reserved 1048576K
Event: 428.842 GC heap after
Heap after GC invocations=39 (full 8):
 PSYoungGen      total 381952K, used 128495K [0x00000000e0000000, 0x0000000100000000, 0x0000000100000000)
  eden space 253440K, 0% used [0x00000000e0000000,0x00000000e0000000,0x00000000ef780000)
  from space 128512K, 99% used [0x00000000ef780000,0x00000000f74fbeb8,0x00000000f7500000)
  to   space 142336K, 0% used [0x00000000f7500000,0x00000000f7500000,0x0000000100000000)
 ParOldGen       total 362496K, used 220688K [0x00000000a0000000, 0x00000000b6200000, 0x00000000e0000000)
  object space 362496K, 60% used [0x00000000a0000000,0x00000000ad784220,0x00000000b6200000)
 Metaspace       used 66428K, capacity 68410K, committed 68608K, reserved 1110016K
  class space    used 8427K, capacity 8871K, committed 8960K, reserved 1048576K
}
Event: 429.203 GC heap before
{Heap before GC invocations=40 (full 8):
 PSYoungGen      total 381952K, used 381935K [0x00000000e0000000, 0x0000000100000000, 0x0000000100000000)
  eden space 253440K, 100% used [0x00000000e0000000,0x00000000ef780000,0x00000000ef780000)
  from space 128512K, 99% used [0x00000000ef780000,0x00000000f74fbeb8,0x00000000f7500000)
  to   space 142336K, 0% used [0x00000000f7500000,0x00000000f7500000,0x0000000100000000)
 ParOldGen       total 362496K, used 220688K [0x00000000a0000000, 0x00000000b6200000, 0x00000000e0000000)
  object space 362496K, 60% used [0x00000000a0000000,0x00000000ad784220,0x00000000b6200000)
 Metaspace       used 66428K, capacity 68410K, committed 68608K, reserved 1110016K
  class space    used 8427K, capacity 8871K, committed 8960K, reserved 1048576K
Event: 429.360 GC heap after
Heap after GC invocations=40 (full 8):
 PSYoungGen      total 317440K, used 134776K [0x00000000e0000000, 0x0000000100000000, 0x0000000100000000)
  eden space 175104K, 0% used [0x00000000e0000000,0x00000000e0000000,0x00000000eab00000)
  from space 142336K, 94% used [0x00000000f7500000,0x00000000ff89e188,0x0000000100000000)
  to   space 174592K, 0% used [0x00000000eab00000,0x00000000eab00000,0x00000000f5580000)
 ParOldGen       total 362496K, used 263574K [0x00000000a0000000, 0x00000000b6200000, 0x00000000e0000000)
  object space 362496K, 72% used [0x00000000a0000000,0x00000000b0165a08,0x00000000b6200000)
 Metaspace       used 66428K, capacity 68410K, committed 68608K, reserved 1110016K
  class space    used 8427K, capacity 8871K, committed 8960K, reserved 1048576K
}
Event: 429.780 GC heap before
{Heap before GC invocations=41 (full 8):
 PSYoungGen      total 317440K, used 309880K [0x00000000e0000000, 0x0000000100000000, 0x0000000100000000)
  eden space 175104K, 100% used [0x00000000e0000000,0x00000000eab00000,0x00000000eab00000)
  from space 142336K, 94% used [0x00000000f7500000,0x00000000ff89e188,0x0000000100000000)
  to   space 174592K, 0% used [0x00000000eab00000,0x00000000eab00000,0x00000000f5580000)
 ParOldGen       total 362496K, used 263574K [0x00000000a0000000, 0x00000000b6200000, 0x00000000e0000000)
  object space 362496K, 72% used [0x00000000a0000000,0x00000000b0165a08,0x00000000b6200000)
 Metaspace       used 66428K, capacity 68410K, committed 68608K, reserved 1110016K
  class space    used 8427K, capacity 8871K, committed 8960K, reserved 1048576K
Event: 429.890 GC heap after
Heap after GC invocations=41 (full 8):
 PSYoungGen      total 349696K, used 79833K [0x00000000e0000000, 0x0000000100000000, 0x0000000100000000)
  eden space 175104K, 0% used [0x00000000e0000000,0x00000000e0000000,0x00000000eab00000)
  from space 174592K, 45% used [0x00000000eab00000,0x00000000ef8f67d0,0x00000000f5580000)
  to   space 168448K, 0% used [0x00000000f5b80000,0x00000000f5b80000,0x0000000100000000)
 ParOldGen       total 362496K, used 344358K [0x00000000a0000000, 0x00000000b6200000, 0x00000000e0000000)
  object space 362496K, 94% used [0x00000000a0000000,0x00000000b5049958,0x00000000b6200000)
 Metaspace       used 66428K, capacity 68410K, committed 68608K, reserved 1110016K
  class space    used 8427K, capacity 8871K, committed 8960K, reserved 1048576K
}
Event: 429.890 GC heap before
{Heap before GC invocations=42 (full 9):
 PSYoungGen      total 349696K, used 79833K [0x00000000e0000000, 0x0000000100000000, 0x0000000100000000)
  eden space 175104K, 0% used [0x00000000e0000000,0x00000000e0000000,0x00000000eab00000)
  from space 174592K, 45% used [0x00000000eab00000,0x00000000ef8f67d0,0x00000000f5580000)
  to   space 168448K, 0% used [0x00000000f5b80000,0x00000000f5b80000,0x0000000100000000)
 ParOldGen       total 362496K, used 344358K [0x00000000a0000000, 0x00000000b6200000, 0x00000000e0000000)
  object space 362496K, 94% used [0x00000000a0000000,0x00000000b5049958,0x00000000b6200000)
 Metaspace       used 66428K, capacity 68410K, committed 68608K, reserved 1110016K
  class space    used 8427K, capacity 8871K, committed 8960K, reserved 1048576K

Deoptimization events (10 events):
Event: 424.326 Thread 0x00007fcbe41bf000 Uncommon trap: reason=predicate action=maybe_recompile pc=0x00007fcc632e1d48 method=com.android.dx.ssa.SsaConverter.placePhiFunctions(Lcom/android/dx/ssa/SsaMethod;Lcom/android/dx/ssa/LocalVariableInfo;I)V @ 274
Event: 425.600 Thread 0x00007fcbe41db800 Uncommon trap: reason=unstable_if action=reinterpret pc=0x00007fcc638342a8 method=com.android.dx.cf.code.Ropper.processBlock(Lcom/android/dx/cf/code/ByteBlock;Lcom/android/dx/cf/code/Frame;[I)V @ 651
Event: 425.655 Thread 0x00007fcbe41db800 Uncommon trap: reason=unstable_if action=reinterpret pc=0x00007fcc638a4a74 method=com.android.dx.ssa.InterferenceRegisterMapper.interferes(III)Z @ 69
Event: 426.108 Thread 0x00007fcbe0005000 Uncommon trap: reason=array_check action=maybe_recompile pc=0x00007fcc638d1cfc method=java.util.TimSort.binarySort([Ljava/lang/Object;IIILjava/util/Comparator;)V @ 215
Event: 426.529 Thread 0x00007fcbe8001800 Uncommon trap: reason=array_check action=maybe_recompile pc=0x00007fcc638d1cfc method=java.util.TimSort.binarySort([Ljava/lang/Object;IIILjava/util/Comparator;)V @ 215
Event: 427.787 Thread 0x00007fcbe40b8800 Uncommon trap: reason=unstable_if action=reinterpret pc=0x00007fcc630e8d1c method=com.android.dx.ssa.SCCP.replaceBranches()V @ 76
Event: 429.474 Thread 0x00007fcbe4054000 Uncommon trap: reason=class_check action=maybe_recompile pc=0x00007fcc63191f78 method=com.android.dx.ssa.SsaBasicBlock.addLiveOut(I)V @ 26
Event: 429.474 Thread 0x00007fcbe4054000 Uncommon trap: reason=class_check action=maybe_recompile pc=0x00007fcc63191f78 method=com.android.dx.ssa.SsaBasicBlock.addLiveOut(I)V @ 26
Event: 429.474 Thread 0x00007fcbe4054000 Uncommon trap: reason=class_check action=maybe_recompile pc=0x00007fcc63191f78 method=com.android.dx.ssa.SsaBasicBlock.addLiveOut(I)V @ 26
Event: 429.474 Thread 0x00007fcbe4054000 Uncommon trap: reason=class_check action=maybe_recompile pc=0x00007fcc63191f78 method=com.android.dx.ssa.SsaBasicBlock.addLiveOut(I)V @ 26

Internal exceptions (10 events):
Event: 403.074 Thread 0x00007fcc1800a800 Implicit null exception at 0x00007fcc62bf625a to 0x00007fcc62bf66c1
Event: 404.953 Thread 0x00007fcc1c0f2000 Exception <a 'java/lang/NoSuchMethodError': <clinit>> (0x00000000e589f590) thrown at [/ssd/Android/AOSP-openjdk/external/jetbrains/jdk/hotspot/src/share/vm/prims/jni.cpp, line 1591]
Event: 405.559 Thread 0x00007fcc1800a800 Exception <a 'java/io/FileNotFoundException'> (0x00000000ea8c49d8) thrown at [/ssd/Android/AOSP-openjdk/external/jetbrains/jdk/hotspot/src/share/vm/prims/jni.cpp, line 709]
Event: 406.894 Thread 0x00007fcc1800a800 Implicit null exception at 0x00007fcc6243416d to 0x00007fcc624341d5
Event: 406.902 Thread 0x00007fcc1800a800 Implicit null exception at 0x00007fcc62373cab to 0x00007fcc62373cd1
Event: 407.991 Thread 0x00007fcbe40ec800 Implicit null exception at 0x00007fcc62c03c41 to 0x00007fcc62c047ed
Event: 413.174 Thread 0x00007fcbf0005800 Implicit null exception at 0x00007fcc633f9592 to 0x00007fcc633fa0c5
Event: 413.676 Thread 0x00007fcbec008800 Implicit null exception at 0x00007fcc6356cea4 to 0x00007fcc6356d56d
Event: 413.945 Thread 0x00007fcbe41af800 Implicit null exception at 0x00007fcc6346e1d5 to 0x00007fcc63471d3d
Event: 421.041 Thread 0x00007fcbe41ae800 Implicit null exception at 0x00007fcc636629b2 to 0x00007fcc636668f7

Events (10 events):
Event: 429.776 Thread 0x00007fcbe40b8800 DEOPT UNPACKING pc=0x00007fcc61047373 sp=0x00007fcbf522ee10 mode 0
Event: 429.776 Thread 0x00007fcbe41bf000 DEOPT PACKING pc=0x00007fcc6298498b sp=0x00007fcbf5a37280
Event: 429.776 Thread 0x00007fcbe41bf000 DEOPT UNPACKING pc=0x00007fcc61047373 sp=0x00007fcbf5a37018 mode 0
Event: 429.776 Thread 0x00007fcbe41bf000 DEOPT PACKING pc=0x00007fcc611ddfdd sp=0x00007fcbf5a37370
Event: 429.776 Thread 0x00007fcbe41bf000 DEOPT UNPACKING pc=0x00007fcc61047373 sp=0x00007fcbf5a37100 mode 0
Event: 429.777 Thread 0x00007fcbe418f000 DEOPT PACKING pc=0x00007fcc63116272 sp=0x00007fcbf4725f30
Event: 429.777 Thread 0x00007fcbe418f000 DEOPT UNPACKING pc=0x00007fcc61047373 sp=0x00007fcbf4725cb8 mode 0
Event: 429.778 Executing VM operation: ParallelGCFailedAllocation
Event: 429.777 Thread 0x00007fcbe40b8800 DEOPT PACKING pc=0x00007fcc63116272 sp=0x00007fcbf522eed0
Event: 429.778 Thread 0x00007fcbe40b8800 DEOPT UNPACKING pc=0x00007fcc61047373 sp=0x00007fcbf522ec58 mode 0


Dynamic libraries:
00400000-00401000 r-xp 00000000 08:01 3413786                            /home/apiiit-rkv/android-studio/jre/bin/java
00600000-00601000 r--p 00000000 08:01 3413786                            /home/apiiit-rkv/android-studio/jre/bin/java
00601000-00602000 rw-p 00001000 08:01 3413786                            /home/apiiit-rkv/android-studio/jre/bin/java
00938000-00959000 rw-p 00000000 00:00 0                                  [heap]
a0000000-b6200000 rw-p 00000000 00:00 0 
bec00000-e0000000 ---p 00000000 00:00 0 
e0000000-100000000 rw-p 00000000 00:00 0 
100000000-1008c0000 rw-p 00000000 00:00 0 
1008c0000-140000000 ---p 00000000 00:00 0 
7fcbd8000000-7fcbd8021000 rw-p 00000000 00:00 0 
7fcbd8021000-7fcbdc000000 ---p 00000000 00:00 0 
7fcbe0000000-7fcbe0021000 rw-p 00000000 00:00 0 
7fcbe0021000-7fcbe4000000 ---p 00000000 00:00 0 
7fcbe4000000-7fcbe4424000 rw-p 00000000 00:00 0 
7fcbe4424000-7fcbe8000000 ---p 00000000 00:00 0 
7fcbe8000000-7fcbe8021000 rw-p 00000000 00:00 0 
7fcbe8021000-7fcbec000000 ---p 00000000 00:00 0 
7fcbec000000-7fcbec059000 rw-p 00000000 00:00 0 
7fcbec059000-7fcbf0000000 ---p 00000000 00:00 0 
7fcbf0000000-7fcbf0041000 rw-p 00000000 00:00 0 
7fcbf0041000-7fcbf4000000 ---p 00000000 00:00 0 
7fcbf4225000-7fcbf4265000 rw-p 00000000 00:00 0 
7fcbf4265000-7fcbf4425000 ---p 00000000 00:00 0 
7fcbf4425000-7fcbf4428000 ---p 00000000 00:00 0 
7fcbf4428000-7fcbf4526000 rw-p 00000000 00:00 0                          [stack:3639]
7fcbf4526000-7fcbf4529000 ---p 00000000 00:00 0 
7fcbf4529000-7fcbf4627000 rw-p 00000000 00:00 0 
7fcbf4627000-7fcbf462a000 ---p 00000000 00:00 0 
7fcbf462a000-7fcbf4728000 rw-p 00000000 00:00 0                          [stack:3461]
7fcbf4728000-7fcbf472b000 ---p 00000000 00:00 0 
7fcbf472b000-7fcbf4829000 rw-p 00000000 00:00 0                          [stack:3625]
7fcbf4829000-7fcbf482c000 ---p 00000000 00:00 0 
7fcbf482c000-7fcbf492a000 rw-p 00000000 00:00 0                          [stack:3635]
7fcbf492a000-7fcbf492d000 ---p 00000000 00:00 0 
7fcbf492d000-7fcbf4c2b000 rw-p 00000000 00:00 0                          [stack:3617]
7fcbf4c2b000-7fcbf4c2e000 ---p 00000000 00:00 0 
7fcbf4c2e000-7fcbf4d2c000 rw-p 00000000 00:00 0                          [stack:3458]
7fcbf4d2c000-7fcbf4d2f000 ---p 00000000 00:00 0 
7fcbf4d2f000-7fcbf4e2d000 rw-p 00000000 00:00 0                          [stack:3622]
7fcbf4e2d000-7fcbf4e30000 ---p 00000000 00:00 0 
7fcbf4e30000-7fcbf4f2e000 rw-p 00000000 00:00 0                          [stack:3638]
7fcbf4f2e000-7fcbf4f31000 ---p 00000000 00:00 0 
7fcbf4f31000-7fcbf502f000 rw-p 00000000 00:00 0 
7fcbf502f000-7fcbf5032000 ---p 00000000 00:00 0 
7fcbf5032000-7fcbf5130000 rw-p 00000000 00:00 0                          [stack:3462]
7fcbf5130000-7fcbf5133000 ---p 00000000 00:00 0 
7fcbf5133000-7fcbf5231000 rw-p 00000000 00:00 0                          [stack:3623]
7fcbf5231000-7fcbf5234000 ---p 00000000 00:00 0 
7fcbf5234000-7fcbf5332000 rw-p 00000000 00:00 0 
7fcbf5332000-7fcbf5335000 ---p 00000000 00:00 0 
7fcbf5335000-7fcbf5433000 rw-p 00000000 00:00 0                          [stack:3636]
7fcbf5433000-7fcbf5436000 ---p 00000000 00:00 0 
7fcbf5436000-7fcbf5534000 rw-p 00000000 00:00 0                          [stack:3459]
7fcbf5534000-7fcbf5537000 ---p 00000000 00:00 0 
7fcbf5537000-7fcbf5635000 rw-p 00000000 00:00 0                          [stack:3624]
7fcbf5635000-7fcbf5638000 ---p 00000000 00:00 0 
7fcbf5638000-7fcbf5736000 rw-p 00000000 00:00 0                          [stack:3637]
7fcbf5736000-7fcbf5739000 ---p 00000000 00:00 0 
7fcbf5739000-7fcbf5837000 rw-p 00000000 00:00 0                          [stack:3460]
7fcbf5837000-7fcbf583a000 ---p 00000000 00:00 0 
7fcbf583a000-7fcbf5938000 rw-p 00000000 00:00 0 
7fcbf5938000-7fcbf593b000 ---p 00000000 00:00 0 
7fcbf593b000-7fcbf5a39000 rw-p 00000000 00:00 0                          [stack:3640]
7fcbf5a39000-7fcbf5a3c000 ---p 00000000 00:00 0 
7fcbf5a3c000-7fcbf5d3a000 rw-p 00000000 00:00 0                          [stack:3344]
7fcbf5e2f000-7fcbf602f000 rw-p 00000000 00:00 0 
7fcbf602f000-7fcbf6032000 ---p 00000000 00:00 0 
7fcbf6032000-7fcbf6330000 rw-p 00000000 00:00 0                          [stack:3342]
7fcbf6330000-7fcbf6530000 rw-p 00000000 00:00 0 
7fcbf65d0000-7fcbf65d9000 r--s 00049000 08:01 9443819                    /home/apiiit-rkv/AndroidStudioProjects/VegMarket2/app/build/intermediates/exploded-aar/com.google.android.gms/play-services-base/10.0.1/jars/classes.jar
7fcbf65e7000-7fcbf65fa000 r--s 000d1000 08:01 9179646                    /home/apiiit-rkv/AndroidStudioProjects/VegMarket2/app/build/intermediates/exploded-aar/com.google.android.gms/play-services-ads/10.0.1/jars/classes.jar
7fcbf65fa000-7fcbf67fa000 rw-p 00000000 00:00 0 
7fcbf67fa000-7fcbf69fa000 rw-p 00000000 00:00 0 
7fcbf69fa000-7fcbf69fd000 ---p 00000000 00:00 0 
7fcbf69fd000-7fcbf6afb000 rw-p 00000000 00:00 0                          [stack:3343]
7fcbf6afb000-7fcbf6afe000 ---p 00000000 00:00 0 
7fcbf6afe000-7fcbf6bfc000 rw-p 00000000 00:00 0                          [stack:3341]
7fcbf6bfc000-7fcbf6bff000 ---p 00000000 00:00 0 
7fcbf6bff000-7fcbf6cfd000 rw-p 00000000 00:00 0                          [stack:3340]
7fcbf6cfd000-7fcbf6d00000 ---p 00000000 00:00 0 
7fcbf6d00000-7fcbf6dfe000 rw-p 00000000 00:00 0                          [stack:3339]
7fcbf6dfe000-7fcbf6e01000 ---p 00000000 00:00 0 
7fcbf6e01000-7fcbf6eff000 rw-p 00000000 00:00 0                          [stack:3329]
7fcbf6eff000-7fcbf6f02000 ---p 00000000 00:00 0 
7fcbf6f02000-7fcbf7200000 rw-p 00000000 00:00 0                          [stack:3328]
7fcbf7200000-7fcbf7400000 rw-p 00000000 00:00 0 
7fcbf7400000-7fcbf7600000 rw-p 00000000 00:00 0 
7fcbf7600000-7fcbf7800000 rw-p 00000000 00:00 0 
7fcbf7800000-7fcbf7a00000 rw-p 00000000 00:00 0 
7fcbf7a00000-7fcbf7c00000 rw-p 00000000 00:00 0 
7fcbf7c00000-7fcbf7e00000 rw-p 00000000 00:00 0 
7fcbf7e00000-7fcbf8000000 rw-p 00000000 00:00 0 
7fcbf8000000-7fcbf8021000 rw-p 00000000 00:00 0 
7fcbf8021000-7fcbfc000000 ---p 00000000 00:00 0 
7fcbfc000000-7fcbfc021000 rw-p 00000000 00:00 0 
7fcbfc021000-7fcc00000000 ---p 00000000 00:00 0 
7fcc00000000-7fcc00021000 rw-p 00000000 00:00 0 
7fcc00021000-7fcc04000000 ---p 00000000 00:00 0 
7fcc04000000-7fcc04021000 rw-p 00000000 00:00 0 
7fcc04021000-7fcc08000000 ---p 00000000 00:00 0 
7fcc08000000-7fcc0963a000 rw-p 00000000 00:00 0 
7fcc0963a000-7fcc0c000000 ---p 00000000 00:00 0 
7fcc0c000000-7fcc0c021000 rw-p 00000000 00:00 0 
7fcc0c021000-7fcc10000000 ---p 00000000 00:00 0 
7fcc10000000-7fcc10021000 rw-p 00000000 00:00 0 
7fcc10021000-7fcc14000000 ---p 00000000 00:00 0 
7fcc14000000-7fcc14021000 rw-p 00000000 00:00 0 
7fcc14021000-7fcc18000000 ---p 00000000 00:00 0 
7fcc18000000-7fcc18021000 rw-p 00000000 00:00 0 
7fcc18021000-7fcc1c000000 ---p 00000000 00:00 0 
7fcc1c000000-7fcc1cccb000 rw-p 00000000 00:00 0 
7fcc1cccb000-7fcc20000000 ---p 00000000 00:00 0 
7fcc20000000-7fcc20021000 rw-p 00000000 00:00 0 
7fcc20021000-7fcc24000000 ---p 00000000 00:00 0 
7fcc24000000-7fcc2406f000 rw-p 00000000 00:00 0 
7fcc2406f000-7fcc28000000 ---p 00000000 00:00 0 
7fcc28000000-7fcc29035000 rw-p 00000000 00:00 0 
7fcc29035000-7fcc2c000000 ---p 00000000 00:00 0 
7fcc2c000000-7fcc2c021000 rw-p 00000000 00:00 0 
7fcc2c021000-7fcc30000000 ---p 00000000 00:00 0 
7fcc30000000-7fcc32392000 rw-p 00000000 00:00 0 
7fcc32392000-7fcc34000000 ---p 00000000 00:00 0 
7fcc34000000-7fcc35f0b000 rw-p 00000000 00:00 0 
7fcc35f0b000-7fcc38000000 ---p 00000000 00:00 0 
7fcc38000000-7fcc38021000 rw-p 00000000 00:00 0 
7fcc38021000-7fcc3c000000 ---p 00000000 00:00 0 
7fcc3c000000-7fcc3c001000 rw-p 00000000 00:00 0 
7fcc3c001000-7fcc3c012000 r--s 000c3000 08:01 16522886                   /home/apiiit-rkv/.gradle/caches/modules-2/files-2.1/com.fasterxml.jackson.core/jackson-databind/2.2.2/3c8f6018eaa72d43b261181e801e6f8676c16ef6/jackson-databind-2.2.2.jar
7fcc3c012000-7fcc3c015000 ---p 00000000 00:00 0 
7fcc3c015000-7fcc3c113000 rw-p 00000000 00:00 0                          [stack:3327]
7fcc3c113000-7fcc3c126000 r--s 00344000 08:01 3413809                    /home/apiiit-rkv/android-studio/jre/jre/lib/resources.jar
7fcc3c126000-7fcc3c129000 ---p 00000000 00:00 0 
7fcc3c129000-7fcc3c427000 rw-p 00000000 00:00 0                          [stack:3055]
7fcc3c427000-7fcc3c452000 r--s 001fc000 08:01 10224631                   /home/apiiit-rkv/.gradle/caches/jars-2/nxjrjftly2xksl8o0wqgivu5netfu2x/guava-18.0.jar
7fcc3c452000-7fcc3c453000 r--s 00001000 08:01 10225023                   /home/apiiit-rkv/.gradle/caches/jars-2/jt5ryy6nj4hr1m051z67tfczgvniypz/annotations-25.2.3.jar
7fcc3c453000-7fcc3c466000 r--s 000b2000 08:01 10225021                   /home/apiiit-rkv/.gradle/caches/jars-2/cj22p23s3x4556qjnkzkdvim8l37pgx/uast-145.597.4.jar
7fcc3c466000-7fcc3c46e000 r--s 000a8000 08:01 10224667                   /home/apiiit-rkv/.gradle/caches/jars-2/lp0h431tl0554nh1vx6zomcvteflkp/lombok-ast-0.2.3.jar
7fcc3c46e000-7fcc3c470000 r--s 0000d000 08:01 10224665                   /home/apiiit-rkv/.gradle/caches/jars-2/7pwz1bowgakb1eux9ezb56jlturgsyi/commons-codec-1.4.jar
7fcc3c470000-7fcc3c472000 r--s 0000d000 08:01 10224663                   /home/apiiit-rkv/.gradle/caches/jars-2/9dj1m0eyooi5qt13735vz8fpkl3cnfy/commons-logging-1.1.1.jar
7fcc3c472000-7fcc3c477000 r--s 00028000 08:01 10224661                   /home/apiiit-rkv/.gradle/caches/jars-2/62lv0fe9b3xbqe57f6ljy5upwi7mf6k/httpcore-4.1.jar
7fcc3c477000-7fcc3c47b000 r--s 0002f000 08:01 10224659                   /home/apiiit-rkv/.gradle/caches/jars-2/gsg5n52frsvw6sx0swqqe2hwijwdcf0/jimfs-1.1.jar
7fcc3c47b000-7fcc3c47c000 r--s 00004000 08:01 10224657                   /home/apiiit-rkv/.gradle/caches/jars-2/lxs252id0979odjrerlctkb26c2vj95/annotations-12.0.jar
7fcc3c47c000-7fcc3c47d000 r--s 00004000 08:01 10224655                   /home/apiiit-rkv/.gradle/caches/jars-2/9kn99dr0rulyl67sct1ephwcop56l61/asm-analysis-5.0.4.jar
7fcc3c47d000-7fcc3c481000 r--s 0003b000 08:01 10225019                   /home/apiiit-rkv/.gradle/caches/jars-2/tdixaa9tbhizs0t9pmgkm57az9yplqv/lint-api-25.2.3.jar
7fcc3c481000-7fcc3c482000 r--s 0000a000 08:01 10224653                   /home/apiiit-rkv/.gradle/caches/jars-2/nwyg9io65lv6jvmwit2wq82xnnxd7ia/kxml2-2.3.0.jar
7fcc3c482000-7fcc3c484000 r--s 00005000 08:01 10224651                   /home/apiiit-rkv/.gradle/caches/jars-2/i6hc1uuj8e9ck59slmzdyz78ydn8sr6/httpmime-4.1.jar
7fcc3c484000-7fcc3c48c000 r--s 0004e000 08:01 10224649                   /home/apiiit-rkv/.gradle/caches/jars-2/7503wa5irssz0xxahv1xb82p2dl7rr2/httpclient-4.1.1.jar
7fcc3c48c000-7fcc3c493000 r--s 00053000 08:01 10224647                   /home/apiiit-rkv/.gradle/caches/jars-2/jgkfvs4eqggj7qsyw1f5d3up57hanj1/commons-compress-1.8.1.jar
7fcc3c493000-7fcc3c498000 r--s 0002a000 08:01 10224645                   /home/apiiit-rkv/.gradle/caches/jars-2/je8f027qcr1z1egw08byp1ybxbp9kko/gson-2.2.4.jar
7fcc3c498000-7fcc3c49d000 r--s 0002d000 08:01 10225017                   /home/apiiit-rkv/.gradle/caches/jars-2/2rbaturs4hhpig6u81muanj7od4arwq/repository-25.2.3.jar
7fcc3c49d000-7fcc3c49e000 r--s 00005000 08:01 10225015                   /home/apiiit-rkv/.gradle/caches/jars-2/ammqxg2a8htgog84gn1y3lwbgs3xpd4/dvlib-25.2.3.jar
7fcc3c49e000-7fcc3c4a1000 r--s 00014000 08:01 10225013                   /home/apiiit-rkv/.gradle/caches/jars-2/rfla9dmfj0j01kg3ax1k9jaz7x161yw/layoutlib-api-25.2.3.jar
7fcc3c4a1000-7fcc3c4a6000 r--s 00058000 08:01 10224639                   /home/apiiit-rkv/.gradle/caches/jars-2/st159835qgxm0l87oqrnhayxos4lc1n/asm-debug-all-5.0.1.jar
7fcc3c4a6000-7fcc3c4b6000 r--s 000d6000 08:01 10225011                   /home/apiiit-rkv/.gradle/caches/jars-2/99t2qt3f1wgc65wvi2nj2d33t0xgjs1/proguard-base-5.2.1.jar
7fcc3c4b6000-7fcc3c4b9000 r--s 00033000 08:01 10224637                   /home/apiiit-rkv/.gradle/caches/jars-2/nz9sndmr8b4xbj4xulkaciy5kdbyfiz/juniversalchardet-1.0.3.jar
7fcc3c4b9000-7fcc3c4bd000 r--s 0002a000 08:01 10224635                   /home/apiiit-rkv/.gradle/caches/jars-2/krbpn9xjn1qymukyx8cc5l799ty1v3h/commons-io-2.4.jar
7fcc3c4bd000-7fcc3c4d4000 r--s 00154000 08:01 10224633                   /home/apiiit-rkv/.gradle/caches/jars-2/sfeivjswzitn6n0fnjx3ueszz8gv8o1/antlr4-4.5.3.jar
7fcc3c4d4000-7fcc3c4d5000 r--s 00002000 08:01 10225009                   /home/apiiit-rkv/.gradle/caches/jars-2/l3wt4evxm27svwlmym8j6v0apk429m1/baseLibrary-2.2.3.jar
7fcc3c4d5000-7fcc3c4e8000 r--s 00236000 08:01 10225007                   /home/apiiit-rkv/.gradle/caches/jars-2/maorcrafc8bkeq7gpy7i4yws29hg8ba/ecj-4.5.1.jar
7fcc3c4e8000-7fcc3c4ef000 r--s 000c3000 08:01 10225005                   /home/apiiit-rkv/.gradle/caches/jars-2/rftab664truqvoavj1e0khdu7z55p85/lint-checks-25.2.3.jar
7fcc3c4ef000-7fcc3c4f1000 r--s 00006000 08:01 10224629                   /home/apiiit-rkv/.gradle/caches/jars-2/6phgj9ki3jl3p5epzkqoo8pr6kur40b/asm-tree-5.0.4.jar
7fcc3c4f1000-7fcc3c524000 r--s 00203000 08:01 10224627                   /home/apiiit-rkv/.gradle/caches/jars-2/hj0bfvxu9cq7hkwmecvp0kg137or3hh/bcprov-jdk15on-1.48.jar
7fcc3c524000-7fcc3c532000 r--s 00081000 08:01 10224625                   /home/apiiit-rkv/.gradle/caches/jars-2/4r7xli0tz94y0wfjrdyjxlxar3g1pb9/bcpkix-jdk15on-1.48.jar
7fcc3c532000-7fcc3c534000 r--s 00002000 08:01 10224623                   /home/apiiit-rkv/.gradle/caches/jars-2/f32bh5uivuf69ecz2j8hl96ksnqdh7v/javawriter-2.5.0.jar
7fcc3c534000-7fcc3c535000 r--s 00002000 08:01 10225003                   /home/apiiit-rkv/.gradle/caches/jars-2/nd65vayypelo2l50f76gwjvm1nfta01/tracker-25.2.3.jar
7fcc3c535000-7fcc3c537000 r--s 00003000 08:01 10225001                   /home/apiiit-rkv/.gradle/caches/jars-2/e208fxewdvi7cx6jc35qwaxo81bncyk/shared-25.2.3.jar
7fcc3c537000-7fcc3c544000 r--s 000ed000 08:01 10224999                   /home/apiiit-rkv/.gradle/caches/jars-2/f6y5mi4mc1ho00in1r82zjg5shj6xzs/protos-25.2.3.jar
7fcc3c544000-7fcc3c545000 r--s 00001000 08:01 10224621                   /home/apiiit-rkv/.gradle/caches/jars-2/kqvobzmq7wqzowy5eb8g1b5vtp6fmkw/jill-api-0.10.0.jar
7fcc3c545000-7fcc3c547000 r--s 00003000 08:01 10224997                   /home/apiiit-rkv/.gradle/caches/jars-2/710t8z7oqrqi132wynhctdr6r01uc40/jack-api-0.11.0.jar
7fcc3c547000-7fcc3c54c000 r--s 0004a000 08:01 10224995                   /home/apiiit-rkv/.gradle/caches/jars-2/52ihiy1fpw0mg59fpiiqk5enh3g7azd/ddmlib-25.2.3.jar
7fcc3c54c000-7fcc3c54f000 r--s 00021000 08:01 10224993                   /home/apiiit-rkv/.gradle/caches/jars-2/ob85zu7m76zd9cwj8jbcnf5lita0ym3/manifest-merger-25.2.3.jar
7fcc3c54f000-7fcc3c551000 r--s 0001c000 08:01 10224991                   /home/apiiit-rkv/.gradle/caches/jars-2/4d2x4quofmgj3o3y9fvkaxe740sd4f1/common-25.2.3.jar
7fcc3c551000-7fcc3c751000 rw-p 00000000 00:00 0 
7fcc3c751000-7fcc3c951000 rw-p 00000000 00:00 0 
7fcc3c951000-7fcc3c954000 ---p 00000000 00:00 0 
7fcc3c954000-7fcc3cc52000 rw-p 00000000 00:00 0                          [stack:3018]
7fcc3cc52000-7fcc3ce52000 rw-p 00000000 00:00 0 
7fcc3ce52000-7fcc3d052000 rw-p 00000000 00:00 0 
7fcc3d052000-7fcc3d05a000 r--s 00084000 08:01 10224989                   /home/apiiit-rkv/.gradle/caches/jars-2/bn1ipr1tfvvjdsxhj1lzhqmyfsu5ss/sdk-common-25.2.3.jar
7fcc3d05a000-7fcc3d065000 r--s 0008e000 08:01 10224987                   /home/apiiit-rkv/.gradle/caches/jars-2/15t3tjxrl3r6yyq2awife4i1zkhpuaq/sdklib-25.2.3.jar
7fcc3d065000-7fcc3d066000 r--s 00002000 08:01 10224985                   /home/apiiit-rkv/.gradle/caches/jars-2/d2znkafiqf5ghwth6z0in0zue35a3fa/builder-test-api-2.2.3.jar
7fcc3d066000-7fcc3d069000 r--s 00005000 08:01 10224983                   /home/apiiit-rkv/.gradle/caches/jars-2/rsavhh8k70fymr6mgq73k8iw3rydwl6/builder-model-2.2.3.jar
7fcc3d069000-7fcc3d071000 r--s 0007b000 08:01 10224981                   /home/apiiit-rkv/.gradle/caches/jars-2/it5ls9bmq2pan9gdtn3yiduubs43tve/protobuf-java-2.5.0.jar
7fcc3d071000-7fcc3d073000 r--s 0000f000 08:01 10224617                   /home/apiiit-rkv/.gradle/caches/jars-2/rvfyugrlu5tbpz51p98og0qsxamjq4k/jopt-simple-4.9.jar
7fcc3d073000-7fcc3d077000 r--s 0001f000 08:01 10224615                   /home/apiiit-rkv/.gradle/caches/jars-2/nq3fzqkrrm37ob61z4iu5qdbh368uat/org.jacoco.report-0.7.5.201505241946.jar
7fcc3d077000-7fcc3d07b000 r--s 0001d000 08:01 10224613                   /home/apiiit-rkv/.gradle/caches/jars-2/3kxkmcckmk40ron92zhbm0qjo9l4bkl/org.jacoco.core-0.7.5.201505241946.jar
7fcc3d07b000-7fcc3d07c000 r--s 00002000 08:01 10224979                   /home/apiiit-rkv/.gradle/caches/jars-2/b1t2vrw26g996kdveajzit96rlnnaiq/proguard-gradle-5.2.1.jar
7fcc3d07c000-7fcc3d07e000 r--s 00009000 08:01 10224611                   /home/apiiit-rkv/.gradle/caches/jars-2/ajvcvdu66lc9e3tvvipxtuq48i9bbkc/asm-commons-5.0.4.jar
7fcc3d07e000-7fcc3d080000 r--s 0000c000 08:01 7214463                    /home/apiiit-rkv/.gradle/caches/jars-2/1laz1ygmxoc408r7nwqs1q8uk8r236d/asm-5.0.4.jar
7fcc3d080000-7fcc3d084000 r--s 0002b000 08:01 10224977                   /home/apiiit-rkv/.gradle/caches/jars-2/gdnfcxfy00a305u3iysq5yzmid4at4e/compilerCommon-2.2.3.jar
7fcc3d084000-7fcc3d085000 r--s 00002000 08:01 10224975                   /home/apiiit-rkv/.gradle/caches/jars-2/i0qnz1kmp9w9b5u8anem89tn5rq70ut/gradle-api-2.2.3.jar
7fcc3d085000-7fcc3d086000 r--s 00000000 08:01 5904723                    /home/apiiit-rkv/.gradle/caches/jars-2/ol8817jepbh722libh34lgjyahdy1n7/transform-api-2.0.0-deprecated-use-gradle-api.jar
7fcc3d086000-7fcc3d08b000 r--s 00053000 08:01 10224973                   /home/apiiit-rkv/.gradle/caches/jars-2/juxzgshb85lo1yszb2ofhzlu8wesfqv/lint-25.2.3.jar
7fcc3d08b000-7fcc3d0a2000 r--s 0015e000 08:01 10224971                   /home/apiiit-rkv/.gradle/caches/jars-2/2bp2w682ez3g7gtqmxbeujuu9fks80b/builder-2.2.3.jar
7fcc3d0a2000-7fcc3d0bf000 r--s 0019d000 08:01 10224969                   /home/apiiit-rkv/.gradle/caches/jars-2/6tv46zc11aep45bj2s20rc9yetn9s30/gradle-core-2.2.3.jar
7fcc3d0bf000-7fcc3d0c0000 r--s 00006000 08:01 16521503                   /home/apiiit-rkv/.gradle/caches/modules-2/files-2.1/com.google.gms/google-services/3.0.0/ee538ce9cf4148485e43017c5542202b8c78ff8e/google-services-3.0.0.jar
7fcc3d0c0000-7fcc3d0c2000 r--s 0000d000 08:01 10224967                   /home/apiiit-rkv/.gradle/caches/jars-2/gh0kvwcli9rratu5j0955srx72astah/gradle-2.2.3.jar
7fcc3d0c2000-7fcc3d0c5000 ---p 00000000 00:00 0 
7fcc3d0c5000-7fcc3d0fb000 rw-p 00000000 00:00 0                          [stack:3333]
7fcc3d0fb000-7fcc3d0fc000 r--p 00000000 00:00 0 
7fcc3d0fc000-7fcc3d2fc000 rw-p 00000000 00:00 0 
7fcc3d2fc000-7fcc3d374000 r--s 010eb000 08:01 3413751                    /home/apiiit-rkv/android-studio/jre/lib/tools.jar
7fcc3d374000-7fcc3d574000 rw-p 00000000 00:00 0 
7fcc3d574000-7fcc3d774000 rw-p 00000000 00:00 0 
7fcc3d774000-7fcc3d777000 ---p 00000000 00:00 0 
7fcc3d777000-7fcc3d875000 rw-p 00000000 00:00 0                          [stack:3324]
7fcc3d875000-7fcc3d878000 ---p 00000000 00:00 0 
7fcc3d878000-7fcc3d976000 rw-p 00000000 00:00 0                          [stack:3323]
7fcc3d976000-7fcc3d979000 ---p 00000000 00:00 0 
7fcc3d979000-7fcc3da77000 rw-p 00000000 00:00 0                          [stack:3320]
7fcc3da77000-7fcc3da7a000 ---p 00000000 00:00 0 
7fcc3da7a000-7fcc3db78000 rw-p 00000000 00:00 0                          [stack:3322]
7fcc3db78000-7fcc3db7b000 ---p 00000000 00:00 0 
7fcc3db7b000-7fcc3dc79000 rw-p 00000000 00:00 0                          [stack:2989]
7fcc3dc79000-7fcc3dc7c000 ---p 00000000 00:00 0 
7fcc3dc7c000-7fcc3dd7a000 rw-p 00000000 00:00 0                          [stack:3321]
7fcc3dd7a000-7fcc3dd7d000 ---p 00000000 00:00 0 
7fcc3dd7d000-7fcc3e07b000 rw-p 00000000 00:00 0                          [stack:3319]
7fcc3e07b000-7fcc3e082000 r--s 00000000 08:01 13502923                   /usr/lib/x86_64-linux-gnu/gconv/gconv-modules.cache
7fcc3e082000-7fcc3e085000 ---p 00000000 00:00 0 
7fcc3e085000-7fcc3e183000 rw-p 00000000 00:00 0                          [stack:2986]
7fcc3e183000-7fcc3e18c000 r-xp 00000000 08:01 3413887                    /home/apiiit-rkv/android-studio/jre/jre/lib/amd64/libmanagement.so
7fcc3e18c000-7fcc3e38b000 ---p 00009000 08:01 3413887                    /home/apiiit-rkv/android-studio/jre/jre/lib/amd64/libmanagement.so
7fcc3e38b000-7fcc3e38c000 r--p 00008000 08:01 3413887                    /home/apiiit-rkv/android-studio/jre/jre/lib/amd64/libmanagement.so
7fcc3e38c000-7fcc3e38d000 rw-p 00009000 08:01 3413887                    /home/apiiit-rkv/android-studio/jre/jre/lib/amd64/libmanagement.so
7fcc3e38d000-7fcc3e391000 r--s 00097000 08:01 3413861                    /home/apiiit-rkv/android-studio/jre/jre/lib/jsse.jar
7fcc3e391000-7fcc3e393000 r--s 00007000 08:01 4334744                    /home/apiiit-rkv/android-studio/gradle/gradle-3.3/lib/plugins/gradle-tooling-api-builders-3.3.jar
7fcc3e393000-7fcc3e396000 r--s 00009000 08:01 4334737                    /home/apiiit-rkv/android-studio/gradle/gradle-3.3/lib/plugins/gradle-testing-native-3.3.jar
7fcc3e396000-7fcc3e39c000 r--s 00033000 08:01 4334812                    /home/apiiit-rkv/android-studio/gradle/gradle-3.3/lib/plugins/snakeyaml-1.6.jar
7fcc3e39c000-7fcc3e39e000 r--s 00006000 08:01 4334811                    /home/apiiit-rkv/android-studio/gradle/gradle-3.3/lib/plugins/jcommander-1.12.jar
7fcc3e39e000-7fcc3e3a3000 r--s 00040000 08:01 4334810                    /home/apiiit-rkv/android-studio/gradle/gradle-3.3/lib/plugins/bsh-2.0b4.jar
7fcc3e3a3000-7fcc3e3a5000 r--s 00009000 08:01 4334818                    /home/apiiit-rkv/android-studio/gradle/gradle-3.3/lib/plugins/hamcrest-core-1.3.jar
7fcc3e3a5000-7fcc3e3ae000 r--s 00089000 08:01 4334769                    /home/apiiit-rkv/android-studio/gradle/gradle-3.3/lib/plugins/testng-6.3.1.jar
7fcc3e3ae000-7fcc3e3b6000 r--s 00045000 08:01 4334768                    /home/apiiit-rkv/android-studio/gradle/gradle-3.3/lib/plugins/junit-4.12.jar
7fcc3e3b6000-7fcc3e3bc000 r--s 0002e000 08:01 4334738                    /home/apiiit-rkv/android-studio/gradle/gradle-3.3/lib/plugins/gradle-testing-jvm-3.3.jar
7fcc3e3bc000-7fcc3e3c0000 r--s 00016000 08:01 4334736                    /home/apiiit-rkv/android-studio/gradle/gradle-3.3/lib/plugins/gradle-testing-base-3.3.jar
7fcc3e3c0000-7fcc3e3c7000 r--s 00038000 08:01 4334763                    /home/apiiit-rkv/android-studio/gradle/gradle-3.3/lib/plugins/bcpg-jdk15on-1.51.jar
7fcc3e3c7000-7fcc3e3c9000 r--s 0000c000 08:01 4334715                    /home/apiiit-rkv/android-studio/gradle/gradle-3.3/lib/plugins/gradle-signing-3.3.jar
7fcc3e3c9000-7fcc3e3cb000 r--s 00007000 08:01 4334714                    /home/apiiit-rkv/android-studio/gradle/gradle-3.3/lib/plugins/gradle-scala-3.3.jar
7fcc3e3cb000-7fcc3e3cc000 r--s 00004000 08:01 4334742                    /home/apiiit-rkv/android-studio/gradle/gradle-3.3/lib/plugins/gradle-resources-sftp-3.3.jar
7fcc3e3cc000-7fcc3e3dc000 r--s 00088000 08:01 4334779                    /home/apiiit-rkv/android-studio/gradle/gradle-3.3/lib/plugins/joda-time-2.8.2.jar
7fcc3e3dc000-7fcc3e3ed000 r--s 0010d000 08:01 4334778                    /home/apiiit-rkv/android-studio/gradle/gradle-3.3/lib/plugins/jackson-databind-2.6.6.jar
7fcc3e3ed000-7fcc3e3f0000 r--s 00009000 08:01 4334777                    /home/apiiit-rkv/android-studio/gradle/gradle-3.3/lib/plugins/jackson-annotations-2.6.6.jar
7fcc3e3f0000-7fcc3e3f4000 r--s 0003c000 08:01 4334776                    /home/apiiit-rkv/android-studio/gradle/gradle-3.3/lib/plugins/jackson-core-2.6.6.jar
7fcc3e3f4000-7fcc3e402000 r--s 00087000 08:01 4334775                    /home/apiiit-rkv/android-studio/gradle/gradle-3.3/lib/plugins/aws-java-sdk-core-1.11.6.jar
7fcc3e402000-7fcc3e409000 r--s 00057000 08:01 4334774                    /home/apiiit-rkv/android-studio/gradle/gradle-3.3/lib/plugins/aws-java-sdk-kms-1.11.6.jar
7fcc3e409000-7fcc3e416000 r--s 0008e000 08:01 4334773                    /home/apiiit-rkv/android-studio/gradle/gradle-3.3/lib/plugins/aws-java-sdk-s3-1.11.6.jar
7fcc3e416000-7fcc3e418000 r--s 00004000 08:01 4334743                    /home/apiiit-rkv/android-studio/gradle/gradle-3.3/lib/plugins/gradle-resources-s3-3.3.jar
7fcc3e418000-7fcc3e41a000 r--s 00005000 08:01 4334767                    /home/apiiit-rkv/android-studio/gradle/gradle-3.3/lib/plugins/jatl-0.2.2.jar
7fcc3e41a000-7fcc3e41c000 r--s 0000f000 08:01 4334720                    /home/apiiit-rkv/android-studio/gradle/gradle-3.3/lib/plugins/gradle-reporting-3.3.jar
7fcc3e41c000-7fcc3e41e000 r--s 00002000 08:01 4334721                    /home/apiiit-rkv/android-studio/gradle/gradle-3.3/lib/plugins/gradle-publish-3.3.jar
7fcc3e41e000-7fcc3e420000 r--s 00009000 08:01 4334750                    /home/apiiit-rkv/android-studio/gradle/gradle-3.3/lib/plugins/commons-cli-1.2.jar
7fcc3e420000-7fcc3e426000 r--s 00031000 08:01 4334706                    /home/apiiit-rkv/android-studio/gradle/gradle-3.3/lib/plugins/gradle-plugins-3.3.jar
7fcc3e426000-7fcc3e428000 r--s 00009000 08:01 4334739                    /home/apiiit-rkv/android-studio/gradle/gradle-3.3/lib/plugins/gradle-plugin-development-3.3.jar
7fcc3e428000-7fcc3e42e000 r--s 0002b000 08:01 4334732                    /home/apiiit-rkv/android-studio/gradle/gradle-3.3/lib/plugins/gradle-platform-play-3.3.jar
7fcc3e42e000-7fcc3e43c000 r--s 00055000 08:01 4334731                    /home/apiiit-rkv/android-studio/gradle/gradle-3.3/lib/plugins/gradle-platform-native-3.3.jar
7fcc3e43c000-7fcc3e441000 r--s 0001f000 08:01 4334726                    /home/apiiit-rkv/android-studio/gradle/gradle-3.3/lib/plugins/gradle-platform-jvm-3.3.jar
7fcc3e441000-7fcc3e449000 r--s 00027000 08:01 4334725                    /home/apiiit-rkv/android-studio/gradle/gradle-3.3/lib/plugins/gradle-platform-base-3.3.jar
7fcc3e449000-7fcc3e471000 r--s 0021c000 08:01 4334758                    /home/apiiit-rkv/android-studio/gradle/gradle-3.3/lib/plugins/biz.aQute.bndlib-3.2.0.jar
7fcc3e471000-7fcc3e473000 r--s 00003000 08:01 4334710                    /home/apiiit-rkv/android-studio/gradle/gradle-3.3/lib/plugins/gradle-osgi-3.3.jar
7fcc3e473000-7fcc3e476000 r--s 0000c000 08:01 4334761                    /home/apiiit-rkv/android-studio/gradle/gradle-3.3/lib/plugins/pmaven-groovy-0.8-20100325.jar
7fcc3e476000-7fcc3e477000 r--s 00004000 08:01 4334760                    /home/apiiit-rkv/android-studio/gradle/gradle-3.3/lib/plugins/pmaven-common-0.8-20100325.jar
7fcc3e477000-7fcc3e47d000 r--s 00023000 08:01 4334711                    /home/apiiit-rkv/android-studio/gradle/gradle-3.3/lib/plugins/gradle-maven-3.3.jar
7fcc3e47d000-7fcc3e480000 r--s 0000b000 08:01 4334730                    /home/apiiit-rkv/android-studio/gradle/gradle-3.3/lib/plugins/gradle-language-scala-3.3.jar
7fcc3e480000-7fcc3e486000 r--s 0001a000 08:01 4334734                    /home/apiiit-rkv/android-studio/gradle/gradle-3.3/lib/plugins/gradle-language-native-3.3.jar
7fcc3e486000-7fcc3e489000 r--s 00005000 08:01 4334727                    /home/apiiit-rkv/android-studio/gradle/gradle-3.3/lib/plugins/gradle-language-jvm-3.3.jar
7fcc3e489000-7fcc3e48f000 r--s 00027000 08:01 4334728                    /home/apiiit-rkv/android-studio/gradle/gradle-3.3/lib/plugins/gradle-language-java-3.3.jar
7fcc3e48f000-7fcc3e491000 r--s 0000a000 08:01 4334729                    /home/apiiit-rkv/android-studio/gradle/gradle-3.3/lib/plugins/gradle-language-groovy-3.3.jar
7fcc3e491000-7fcc3e494000 r--s 0001e000 08:01 4334785                    /home/apiiit-rkv/android-studio/gradle/gradle-3.3/lib/plugins/jsp-api-2.1-6.1.14.jar
7fcc3e494000-7fcc3e4b7000 r--s 00344000 08:01 4334784                    /home/apiiit-rkv/android-studio/gradle/gradle-3.3/lib/plugins/core-3.1.1.jar
7fcc3e4b7000-7fcc3e4b8000 r--s 00006000 08:01 4334783                    /home/apiiit-rkv/android-studio/gradle/gradle-3.3/lib/plugins/jetty-naming-6.1.26.jar
7fcc3e4b8000-7fcc3e4b9000 r--s 00002000 08:01 4334757                    /home/apiiit-rkv/android-studio/gradle/gradle-3.3/lib/plugins/geronimo-annotation_1.0_spec-1.0.jar
7fcc3e4b9000-7fcc3e4bb000 r--s 00002000 08:01 4334756                    /home/apiiit-rkv/android-studio/gradle/gradle-3.3/lib/plugins/jetty-annotations-6.1.26.jar
7fcc3e4bb000-7fcc3e4cc000 r--s 000ea000 08:01 4334755                    /home/apiiit-rkv/android-studio/gradle/gradle-3.3/lib/plugins/jsp-2.1-6.1.14.jar
7fcc3e4cc000-7fcc3e4ce000 r--s 0000d000 08:01 4334754                    /home/apiiit-rkv/android-studio/gradle/gradle-3.3/lib/plugins/jetty-plus-6.1.26.jar
7fcc3e4ce000-7fcc3e4d0000 r--s 0001f000 08:01 4334753                    /home/apiiit-rkv/android-studio/gradle/gradle-3.3/lib/plugins/servlet-api-2.5-20081211.jar
7fcc3e4d0000-7fcc3e4d4000 r--s 00028000 08:01 4334752                    /home/apiiit-rkv/android-studio/gradle/gradle-3.3/lib/plugins/jetty-util-6.1.26.jar
7fcc3e4d4000-7fcc3e4db000 r--s 0007d000 08:01 4334751                    /home/apiiit-rkv/android-studio/gradle/gradle-3.3/lib/plugins/jetty-6.1.26.jar
7fcc3e4db000-7fcc3e4dd000 r--s 0000a000 08:01 4334708                    /home/apiiit-rkv/android-studio/gradle/gradle-3.3/lib/plugins/gradle-jetty-3.3.jar
7fcc3e4dd000-7fcc3e4e4000 r--s 00035000 08:01 4334766                    /home/apiiit-rkv/android-studio/gradle/gradle-3.3/lib/plugins/simple-4.1.21.jar
7fcc3e4e4000-7fcc3e4f0000 r--s 00100000 08:01 4334764                    /home/apiiit-rkv/android-studio/gradle/gradle-3.3/lib/plugins/rhino-1.7R3.jar
7fcc3e4f0000-7fcc3e4f4000 r--s 00012000 08:01 4334717                    /home/apiiit-rkv/android-studio/gradle/gradle-3.3/lib/plugins/gradle-javascript-3.3.jar
7fcc3e4f4000-7fcc3e4f6000 r--s 0000d000 08:01 4334723                    /home/apiiit-rkv/android-studio/gradle/gradle-3.3/lib/plugins/gradle-jacoco-3.3.jar
7fcc3e4f6000-7fcc3e4f9000 r--s 0000e000 08:01 4334722                    /home/apiiit-rkv/android-studio/gradle/gradle-3.3/lib/plugins/gradle-ivy-3.3.jar
7fcc3e4f9000-7fcc3e4fa000 r--s 00002000 08:01 4334733                    /home/apiiit-rkv/android-studio/gradle/gradle-3.3/lib/plugins/gradle-ide-play-3.3.jar
7fcc3e4fa000-7fcc3e4fd000 r--s 00013000 08:01 4334735                    /home/apiiit-rkv/android-studio/gradle/gradle-3.3/lib/plugins/gradle-ide-native-3.3.jar
7fcc3e4fd000-7fcc3e506000 r--s 00055000 08:01 4334712                    /home/apiiit-rkv/android-studio/gradle/gradle-3.3/lib/plugins/gradle-ide-3.3.jar
7fcc3e506000-7fcc3e508000 r--s 00007000 08:01 4334716                    /home/apiiit-rkv/android-studio/gradle/gradle-3.3/lib/plugins/gradle-ear-3.3.jar
7fcc3e508000-7fcc3e50e000 r--s 00039000 08:01 4334719                    /home/apiiit-rkv/android-studio/gradle/gradle-3.3/lib/plugins/gradle-diagnostics-3.3.jar
7fcc3e50e000-7fcc3e50f000 r--s 00009000 08:01 4334745                    /home/apiiit-rkv/android-studio/gradle/gradle-3.3/lib/plugins/gradle-composite-builds-3.3.jar
7fcc3e50f000-7fcc3e513000 r--s 00023000 08:01 4334707                    /home/apiiit-rkv/android-studio/gradle/gradle-3.3/lib/plugins/gradle-code-quality-3.3.jar
7fcc3e513000-7fcc3e517000 r--s 00022000 08:01 4334724                    /home/apiiit-rkv/android-studio/gradle/gradle-3.3/lib/plugins/gradle-build-init-3.3.jar
7fcc3e517000-7fcc3e51d000 r--s 0008e000 08:01 4334718                    /home/apiiit-rkv/android-studio/gradle/gradle-3.3/lib/plugins/gradle-build-comparison-3.3.jar
7fcc3e51d000-7fcc3e51e000 r--s 00001000 08:01 4334746                    /home/apiiit-rkv/android-studio/gradle/gradle-3.3/lib/plugins/gradle-build-cache-http-3.3.jar
7fcc3e51e000-7fcc3e520000 r--s 00008000 08:01 4334709                    /home/apiiit-rkv/android-studio/gradle/gradle-3.3/lib/plugins/gradle-antlr-3.3.jar
7fcc3e520000-7fcc3e522000 r--s 00004000 08:01 4334713                    /home/apiiit-rkv/android-studio/gradle/gradle-3.3/lib/plugins/gradle-announce-3.3.jar
7fcc3e522000-7fcc3e53a000 r--s 00115000 08:01 4334815                    /home/apiiit-rkv/android-studio/gradle/gradle-3.3/lib/plugins/xercesImpl-2.9.1.jar
7fcc3e53a000-7fcc3e542000 r--s 00028000 08:01 4334816                    /home/apiiit-rkv/android-studio/gradle/gradle-3.3/lib/plugins/xml-apis-1.3.04.jar
7fcc3e542000-7fcc3e548000 r--s 0005b000 08:01 4334814                    /home/apiiit-rkv/android-studio/gradle/gradle-3.3/lib/plugins/jcifs-1.3.17.jar
7fcc3e548000-7fcc3e54e000 r--s 00033000 08:01 4334762                    /home/apiiit-rkv/android-studio/gradle/gradle-3.3/lib/plugins/commons-codec-1.6.jar
7fcc3e54e000-7fcc3e555000 r--s 00049000 08:01 4334813                    /home/apiiit-rkv/android-studio/gradle/gradle-3.3/lib/plugins/httpcore-4.4.4.jar
7fcc3e555000-7fcc3e558000 r--s 0001c000 08:01 4334771                    /home/apiiit-rkv/android-studio/gradle/gradle-3.3/lib/plugins/nekohtml-1.9.14.jar
7fcc3e558000-7fcc3e565000 r--s 000a4000 08:01 4334770                    /home/apiiit-rkv/android-studio/gradle/gradle-3.3/lib/plugins/httpclient-4.4.1.jar
7fcc3e565000-7fcc3e568000 r--s 0000a000 08:01 4334741                    /home/apiiit-rkv/android-studio/gradle/gradle-3.3/lib/plugins/gradle-resources-http-3.3.jar
7fcc3e568000-7fcc3e56c000 r--s 00015000 08:01 4334740                    /home/apiiit-rkv/android-studio/gradle/gradle-3.3/lib/plugins/gradle-plugin-use-3.3.jar
7fcc3e56c000-7fcc3e56d000 r--s 00000000 08:01 4334652                    /home/apiiit-rkv/android-studio/gradle/gradle-3.3/lib/gradle-installation-beacon-3.3.jar
7fcc3e56d000-7fcc3e56f000 r--s 00006000 08:01 4334809                    /home/apiiit-rkv/android-studio/gradle/gradle-3.3/lib/plugins/aether-connector-wagon-1.13.1.jar
7fcc3e56f000-7fcc3e573000 r--s 0001c000 08:01 4334808                    /home/apiiit-rkv/android-studio/gradle/gradle-3.3/lib/plugins/aether-util-1.13.1.jar
7fcc3e573000-7fcc3e574000 r--s 00003000 08:01 4334807                    /home/apiiit-rkv/android-studio/gradle/gradle-3.3/lib/plugins/aether-spi-1.13.1.jar
7fcc3e574000-7fcc3e577000 r--s 0001d000 08:01 4334806                    /home/apiiit-rkv/android-studio/gradle/gradle-3.3/lib/plugins/aether-impl-1.13.1.jar
7fcc3e577000-7fcc3e57a000 r--s 00013000 08:01 4334805                    /home/apiiit-rkv/android-studio/gradle/gradle-3.3/lib/plugins/aether-api-1.13.1.jar
7fcc3e57a000-7fcc3e57b000 r--s 00007000 08:01 4334804                    /home/apiiit-rkv/android-studio/gradle/gradle-3.3/lib/plugins/wagon-http-shared4-2.4.jar
7fcc3e57b000-7fcc3e57d000 r--s 0000b000 08:01 4334803                    /home/apiiit-rkv/android-studio/gradle/gradle-3.3/lib/plugins/wagon-provider-api-2.4.jar
7fcc3e57d000-7fcc3e57e000 r--s 00002000 08:01 4334802                    /home/apiiit-rkv/android-studio/gradle/gradle-3.3/lib/plugins/wagon-http-2.4.jar
7fcc3e57e000-7fcc3e57f000 r--s 00002000 08:01 4334801                    /home/apiiit-rkv/android-studio/gradle/gradle-3.3/lib/plugins/wagon-file-2.4.jar
7fcc3e57f000-7fcc3e581000 r--s 0000c000 08:01 4334800                    /home/apiiit-rkv/android-studio/gradle/gradle-3.3/lib/plugins/maven-aether-provider-3.0.4.jar
7fcc3e581000-7fcc3e583000 r--s 0000b000 08:01 4334799                    /home/apiiit-rkv/android-studio/gradle/gradle-3.3/lib/plugins/maven-plugin-api-3.0.4.jar
7fcc3e583000-7fcc3e585000 r--s 00006000 08:01 4334798                    /home/apiiit-rkv/android-studio/gradle/gradle-3.3/lib/plugins/maven-repository-metadata-3.0.4.jar
7fcc3e585000-7fcc3e587000 r--s 0000b000 08:01 4334797                    /home/apiiit-rkv/android-studio/gradle/gradle-3.3/lib/plugins/maven-artifact-3.0.4.jar
7fcc3e587000-7fcc3e589000 r--s 00026000 08:01 4334796                    /home/apiiit-rkv/android-studio/gradle/gradle-3.3/lib/plugins/maven-model-3.0.4.jar
7fcc3e589000-7fcc3e58d000 r--s 00021000 08:01 4334795                    /home/apiiit-rkv/android-studio/gradle/gradle-3.3/lib/plugins/maven-model-builder-3.0.4.jar
7fcc3e58d000-7fcc3e593000 r--s 0003f000 08:01 4334794                    /home/apiiit-rkv/android-studio/gradle/gradle-3.3/lib/plugins/maven-compat-3.0.4.jar
7fcc3e593000-7fcc3e595000 r--s 00002000 08:01 4334792                    /home/apiiit-rkv/android-studio/gradle/gradle-3.3/lib/plugins/plexus-cipher-1.7.jar
7fcc3e595000-7fcc3e597000 r--s 0000a000 08:01 4334791                    /home/apiiit-rkv/android-studio/gradle/gradle-3.3/lib/plugins/plexus-classworlds-2.4.jar
7fcc3e597000-7fcc3e59e000 r--s 0002e000 08:01 4334790                    /home/apiiit-rkv/android-studio/gradle/gradle-3.3/lib/plugins/plexus-container-default-1.5.5.jar
7fcc3e59e000-7fcc3e5a0000 r--s 00000000 08:01 4334817                    /home/apiiit-rkv/android-studio/gradle/gradle-3.3/lib/plugins/plexus-component-annotations-1.5.5.jar
7fcc3e5a0000-7fcc3e5a2000 r--s 0000d000 08:01 4334789                    /home/apiiit-rkv/android-studio/gradle/gradle-3.3/lib/plugins/plexus-interpolation-1.14.jar
7fcc3e5a2000-7fcc3e5a6000 r--s 00033000 08:01 4334788                    /home/apiiit-rkv/android-studio/gradle/gradle-3.3/lib/plugins/plexus-utils-2.0.6.jar
7fcc3e5a6000-7fcc3e5a9000 r--s 00008000 08:01 4334787                    /home/apiiit-rkv/android-studio/gradle/gradle-3.3/lib/plugins/maven-settings-builder-3.0.4.jar
7fcc3e5a9000-7fcc3e5ab000 r--s 0000a000 08:01 4334786                    /home/apiiit-rkv/android-studio/gradle/gradle-3.3/lib/plugins/maven-settings-3.0.4.jar
7fcc3e5ab000-7fcc3e5b0000 r--s 00040000 08:01 4334772                    /home/apiiit-rkv/android-studio/gradle/gradle-3.3/lib/plugins/jsch-0.1.53.jar
7fcc3e5b0000-7fcc3e5f0000 r--s 00277000 08:01 4334782                    /home/apiiit-rkv/android-studio/gradle/gradle-3.3/lib/plugins/bcprov-jdk15on-1.51.jar
7fcc3e5f0000-7fcc3e5f4000 r--s 0001d000 08:01 4334781                    /home/apiiit-rkv/android-studio/gradle/gradle-3.3/lib/plugins/xbean-reflect-3.4.jar
7fcc3e5f4000-7fcc3e600000 r--s 0007d000 08:01 4334759                    /home/apiiit-rkv/android-studio/gradle/gradle-3.3/lib/plugins/maven-core-3.0.4.jar
7fcc3e600000-7fcc3e605000 r--s 00034000 08:01 4334765                    /home/apiiit-rkv/android-studio/gradle/gradle-3.3/lib/plugins/gson-2.7.jar
7fcc3e605000-7fcc3e614000 r--s 000d9000 08:01 4334780                    /home/apiiit-rkv/android-studio/gradle/gradle-3.3/lib/plugins/ivy-2.2.0.jar
7fcc3e614000-7fcc3e62a000 r-xp 00000000 08:01 10485787                   /lib/x86_64-linux-gnu/libgcc_s.so.1
7fcc3e62a000-7fcc3e829000 ---p 00016000 08:01 10485787                   /lib/x86_64-linux-gnu/libgcc_s.so.1
7fcc3e829000-7fcc3e82a000 rw-p 00015000 08:01 10485787                   /lib/x86_64-linux-gnu/libgcc_s.so.1
7fcc3e82a000-7fcc3e91a000 r-xp 00000000 08:01 13116366                   /usr/lib/x86_64-linux-gnu/libstdc++.so.6.0.20
7fcc3e91a000-7fcc3eb1a000 ---p 000f0000 08:01 13116366                   /usr/lib/x86_64-linux-gnu/libstdc++.so.6.0.20
7fcc3eb1a000-7fcc3eb22000 r--p 000f0000 08:01 13116366                   /usr/lib/x86_64-linux-gnu/libstdc++.so.6.0.20
7fcc3eb22000-7fcc3eb24000 rw-p 000f8000 08:01 13116366                   /usr/lib/x86_64-linux-gnu/libstdc++.so.6.0.20
7fcc3eb24000-7fcc3eb39000 rw-p 00000000 00:00 0 
7fcc3eb39000-7fcc3eb3a000 r--s 00006000 08:01 4334793                    /home/apiiit-rkv/android-studio/gradle/gradle-3.3/lib/plugins/plexus-sec-dispatcher-1.3.jar
7fcc3eb3a000-7fcc3eb59000 r--s 000f6000 08:01 4334748                    /home/apiiit-rkv/android-studio/gradle/gradle-3.3/lib/plugins/gradle-dependency-management-3.3.jar
7fcc3eb59000-7fcc3eb5b000 r--s 00005000 08:01 4334747                    /home/apiiit-rkv/android-studio/gradle/gradle-3.3/lib/plugins/gradle-workers-3.3.jar
7fcc3eb5b000-7fcc3eb60000 r-xp 00000000 08:01 4335199                    /home/apiiit-rkv/.gradle/native/23/linux-amd64/libnative-platform.so
7fcc3eb60000-7fcc3ed5f000 ---p 00005000 08:01 4335199                    /home/apiiit-rkv/.gradle/native/23/linux-amd64/libnative-platform.so
7fcc3ed5f000-7fcc3ed60000 rw-p 00004000 08:01 4335199                    /home/apiiit-rkv/.gradle/native/23/linux-amd64/libnative-platform.so
7fcc3ed60000-7fcc3ed71000 r-xp 00000000 08:01 3413875                    /home/apiiit-rkv/android-studio/jre/jre/lib/amd64/libnio.so
7fcc3ed71000-7fcc3ef70000 ---p 00011000 08:01 3413875                    /home/apiiit-rkv/android-studio/jre/jre/lib/amd64/libnio.so
7fcc3ef70000-7fcc3ef71000 r--p 00010000 08:01 3413875                    /home/apiiit-rkv/android-studio/jre/jre/lib/amd64/libnio.so
7fcc3ef71000-7fcc3ef72000 rw-p 00011000 08:01 3413875                    /home/apiiit-rkv/android-studio/jre/jre/lib/amd64/libnio.so
7fcc3ef72000-7fcc3f273000 rw-p 00000000 00:00 0 
7fcc3f273000-7fcc3f28a000 r-xp 00000000 08:01 3413873                    /home/apiiit-rkv/android-studio/jre/jre/lib/amd64/libnet.so
7fcc3f28a000-7fcc3f489000 ---p 00017000 08:01 3413873                    /home/apiiit-rkv/android-studio/jre/jre/lib/amd64/libnet.so
7fcc3f489000-7fcc3f48a000 r--p 00016000 08:01 3413873                    /home/apiiit-rkv/android-studio/jre/jre/lib/amd64/libnet.so
7fcc3f48a000-7fcc3f48b000 rw-p 00017000 08:01 3413873                    /home/apiiit-rkv/android-studio/jre/jre/lib/amd64/libnet.so
7fcc3f48b000-7fcc3f48c000 r--s 00006000 08:01 4334651                    /home/apiiit-rkv/android-studio/gradle/gradle-3.3/lib/gradle-wrapper-3.3.jar
7fcc3f48c000-7fcc3f499000 r--s 00041000 08:01 4334658                    /home/apiiit-rkv/android-studio/gradle/gradle-3.3/lib/gradle-tooling-api-3.3.jar
7fcc3f499000-7fcc3f49b000 r--s 00002000 08:01 4334678                    /home/apiiit-rkv/android-studio/gradle/gradle-3.3/lib/gradle-open-api-3.3.jar
7fcc3f49b000-7fcc3f4a1000 r--s 00032000 08:01 4334680                    /home/apiiit-rkv/android-studio/gradle/gradle-3.3/lib/jaxen-1.1.jar
7fcc3f4a1000-7fcc3f4a6000 r--s 00048000 08:01 4334679                    /home/apiiit-rkv/android-studio/gradle/gradle-3.3/lib/dom4j-1.6.1.jar
7fcc3f4a6000-7fcc3f4b1000 r--s 00059000 08:01 4334657                    /home/apiiit-rkv/android-studio/gradle/gradle-3.3/lib/gradle-ui-3.3.jar
7fcc3f4b1000-7fcc3f4ba000 r--s 0008c000 08:01 4334649                    /home/apiiit-rkv/android-studio/gradle/gradle-3.3/lib/kotlin-stdlib-1.1-M02.jar
7fcc3f4ba000-7fcc3f4c0000 r--s 0002a000 08:01 4334648                    /home/apiiit-rkv/android-studio/gradle/gradle-3.3/lib/kotlin-runtime-1.1-M02.jar
7fcc3f4c0000-7fcc3f4f4000 r--s 00256000 08:01 4334647                    /home/apiiit-rkv/android-studio/gradle/gradle-3.3/lib/kotlin-reflect-1.1-M02.jar
7fcc3f4f4000-7fcc3f68a000 r--s 0157e000 08:01 4334646                    /home/apiiit-rkv/android-studio/gradle/gradle-3.3/lib/kotlin-compiler-embeddable-1.1-M02.jar
7fcc3f68a000-7fcc3f692000 r--s 0004e000 08:01 4334645                    /home/apiiit-rkv/android-studio/gradle/gradle-3.3/lib/gradle-script-kotlin-0.5.1.jar
7fcc3f692000-7fcc3f695000 r--s 0000b000 08:01 4334676                    /home/apiiit-rkv/android-studio/gradle/gradle-3.3/lib/gradle-resources-3.3.jar
7fcc3f695000-7fcc3f697000 r--s 00003000 08:01 4334685                    /home/apiiit-rkv/android-studio/gradle/gradle-3.3/lib/jcl-over-slf4j-1.7.10.jar
7fcc3f697000-7fcc3f699000 r--s 00000000 08:01 4334683                    /home/apiiit-rkv/android-studio/gradle/gradle-3.3/lib/jul-to-slf4j-1.7.10.jar
7fcc3f699000-7fcc3f69e000 r--s 0001e000 08:01 4334660                    /home/apiiit-rkv/android-studio/gradle/gradle-3.3/lib/gradle-logging-3.3.jar
7fcc3f69e000-7fcc3f6a0000 r--s 00007000 08:01 4334704                    /home/apiiit-rkv/android-studio/gradle/gradle-3.3/lib/objenesis-1.2.jar
7fcc3f6a0000-7fcc3f6a2000 r--s 00000000 08:01 4334703                    /home/apiiit-rkv/android-studio/gradle/gradle-3.3/lib/minlog-1.2.jar
7fcc3f6a2000-7fcc3f6a6000 r--s 00026000 08:01 4334687                    /home/apiiit-rkv/android-studio/gradle/gradle-3.3/lib/kryo-2.20.jar
7fcc3f6a6000-7fcc3f6ac000 r--s 00027000 08:01 4334675                    /home/apiiit-rkv/android-studio/gradle/gradle-3.3/lib/gradle-messaging-3.3.jar
7fcc3f6ac000-7fcc3f71c000 r--s 00641000 08:01 4334665                    /home/apiiit-rkv/android-studio/gradle/gradle-3.3/lib/groovy-all-2.4.7.jar
7fcc3f71c000-7fcc3f71d000 ---p 00000000 00:00 0 
7fcc3f71d000-7fcc3f81d000 rw-p 00000000 00:00 0                          [stack:2985]
7fcc3f81d000-7fcc3f820000 ---p 00000000 00:00 0 
7fcc3f820000-7fcc3f91e000 rw-p 00000000 00:00 0                          [stack:2984]
7fcc3f91e000-7fcc40000000 r--p 00000000 08:01 13114430                   /usr/lib/locale/locale-archive
7fcc40000000-7fcc40021000 rw-p 00000000 00:00 0 
7fcc40021000-7fcc44000000 ---p 00000000 00:00 0 
7fcc44000000-7fcc44021000 rw-p 00000000 00:00 0 
7fcc44021000-7fcc48000000 ---p 00000000 00:00 0 
7fcc48000000-7fcc4813a000 rw-p 00000000 00:00 0 
7fcc4813a000-7fcc4c000000 ---p 00000000 00:00 0 
7fcc4c000000-7fcc4c408000 rw-p 00000000 00:00 0 
7fcc4c408000-7fcc50000000 ---p 00000000 00:00 0 
7fcc50000000-7fcc50022000 rw-p 00000000 00:00 0 
7fcc50022000-7fcc54000000 ---p 00000000 00:00 0 
7fcc54000000-7fcc54021000 rw-p 00000000 00:00 0 
7fcc54021000-7fcc58000000 ---p 00000000 00:00 0 
7fcc58000000-7fcc58001000 r--s 00005000 08:01 4334684                    /home/apiiit-rkv/android-studio/gradle/gradle-3.3/lib/log4j-over-slf4j-1.7.10.jar
7fcc58001000-7fcc58003000 r--s 0000f000 08:01 4334702                    /home/apiiit-rkv/android-studio/gradle/gradle-3.3/lib/reflectasm-1.07-shaded.jar
7fcc58003000-7fcc58004000 r--s 00001000 08:01 4334701                    /home/apiiit-rkv/android-studio/gradle/gradle-3.3/lib/native-platform-linux-i386-ncurses6-0.12.jar
7fcc58004000-7fcc58005000 r--s 00001000 08:01 4334700                    /home/apiiit-rkv/android-studio/gradle/gradle-3.3/lib/native-platform-linux-i386-ncurses5-0.12.jar
7fcc58005000-7fcc58006000 r--s 00001000 08:01 4334699                    /home/apiiit-rkv/android-studio/gradle/gradle-3.3/lib/native-platform-linux-amd64-ncurses6-0.12.jar
7fcc58006000-7fcc58007000 r--s 00001000 08:01 4334698                    /home/apiiit-rkv/android-studio/gradle/gradle-3.3/lib/native-platform-linux-amd64-ncurses5-0.12.jar
7fcc58007000-7fcc58008000 r--s 0000b000 08:01 4334697                    /home/apiiit-rkv/android-studio/gradle/gradle-3.3/lib/native-platform-windows-i386-0.12.jar
7fcc58008000-7fcc5800a000 r--s 0000b000 08:01 4334696                    /home/apiiit-rkv/android-studio/gradle/gradle-3.3/lib/native-platform-windows-amd64-0.12.jar
7fcc5800a000-7fcc5800c000 r--s 00002000 08:01 4334695                    /home/apiiit-rkv/android-studio/gradle/gradle-3.3/lib/native-platform-osx-i386-0.12.jar
7fcc5800c000-7fcc5800d000 r--s 00002000 08:01 4334694                    /home/apiiit-rkv/android-studio/gradle/gradle-3.3/lib/native-platform-osx-amd64-0.12.jar
7fcc5800d000-7fcc5800e000 r--s 00002000 08:01 4334693                    /home/apiiit-rkv/android-studio/gradle/gradle-3.3/lib/native-platform-linux-i386-0.12.jar
7fcc5800e000-7fcc5800f000 r--s 00002000 08:01 4334692                    /home/apiiit-rkv/android-studio/gradle/gradle-3.3/lib/native-platform-linux-amd64-0.12.jar
7fcc5800f000-7fcc5801e000 r--s 0007f000 08:01 4334666                    /home/apiiit-rkv/android-studio/gradle/gradle-3.3/lib/gradle-model-core-3.3.jar
7fcc5801e000-7fcc5802b000 r--s 00083000 08:01 4334670                    /home/apiiit-rkv/android-studio/gradle/gradle-3.3/lib/commons-collections-3.2.2.jar
7fcc5802b000-7fcc58053000 r--s 001cf000 08:01 4334662                    /home/apiiit-rkv/android-studio/gradle/gradle-3.3/lib/guava-jdk5-17.0.jar
7fcc58053000-7fcc58072000 r--s 001d1000 08:01 4334669                    /home/apiiit-rkv/android-studio/gradle/gradle-3.3/lib/ant-1.9.6.jar
7fcc58072000-7fcc580af000 r--s 001f8000 08:01 4334655                    /home/apiiit-rkv/android-studio/gradle/gradle-3.3/lib/gradle-core-3.3.jar
7fcc580af000-7fcc580b2000 ---p 00000000 00:00 0 
7fcc580b2000-7fcc581b0000 rw-p 00000000 00:00 0                          [stack:2983]
7fcc581b0000-7fcc581b3000 ---p 00000000 00:00 0 
7fcc581b3000-7fcc582b1000 rw-p 00000000 00:00 0                          [stack:2982]
7fcc582b1000-7fcc582b4000 ---p 00000000 00:00 0 
7fcc582b4000-7fcc583b2000 rw-p 00000000 00:00 0                          [stack:2981]
7fcc583b2000-7fcc583b5000 ---p 00000000 00:00 0 
7fcc583b5000-7fcc584b3000 rw-p 00000000 00:00 0                          [stack:2980]
7fcc584b3000-7fcc584b6000 ---p 00000000 00:00 0 
7fcc584b6000-7fcc585b4000 rw-p 00000000 00:00 0                          [stack:2979]
7fcc585b4000-7fcc585b7000 ---p 00000000 00:00 0 
7fcc585b7000-7fcc586b5000 rw-p 00000000 00:00 0                          [stack:2978]
7fcc586b5000-7fcc586b6000 ---p 00000000 00:00 0 
7fcc586b6000-7fcc5c000000 rw-p 00000000 00:00 0                          [stack:2977]
7fcc5c000000-7fcc5c036000 rw-p 00000000 00:00 0 
7fcc5c036000-7fcc60000000 ---p 00000000 00:00 0 
7fcc60000000-7fcc60001000 r--s 00003000 08:01 4334691                    /home/apiiit-rkv/android-studio/gradle/gradle-3.3/lib/native-platform-freebsd-i386-libstdcpp-0.12.jar
7fcc60001000-7fcc60002000 r--s 00004000 08:01 4334690                    /home/apiiit-rkv/android-studio/gradle/gradle-3.3/lib/native-platform-freebsd-i386-libcpp-0.12.jar
7fcc60002000-7fcc60004000 r--s 00003000 08:01 4334689                    /home/apiiit-rkv/android-studio/gradle/gradle-3.3/lib/native-platform-freebsd-amd64-libstdcpp-0.12.jar
7fcc60004000-7fcc60005000 r--s 00004000 08:01 4334688                    /home/apiiit-rkv/android-studio/gradle/gradle-3.3/lib/native-platform-freebsd-amd64-libcpp-0.12.jar
7fcc60005000-7fcc60008000 r--s 00023000 08:01 4334682                    /home/apiiit-rkv/android-studio/gradle/gradle-3.3/lib/jansi-1.14.jar
7fcc60008000-7fcc6000c000 r--s 00011000 08:01 4334681                    /home/apiiit-rkv/android-studio/gradle/gradle-3.3/lib/native-platform-0.12.jar
7fcc6000c000-7fcc60633000 rw-p 00000000 00:00 0 
7fcc60633000-7fcc60800000 r--s 03bec000 08:01 3413843                    /home/apiiit-rkv/android-studio/jre/jre/lib/rt.jar
7fcc60800000-7fcc61000000 rw-p 00000000 00:00 0 
7fcc61000000-7fcc639b0000 rwxp 00000000 00:00 0 
7fcc639b0000-7fcc70000000 ---p 00000000 00:00 0 
7fcc70000000-7fcc70d87000 rw-p 00000000 00:00 0 
7fcc70d87000-7fcc74000000 ---p 00000000 00:00 0 
7fcc74000000-7fcc74003000 r--s 0000a000 08:01 4334659                    /home/apiiit-rkv/android-studio/gradle/gradle-3.3/lib/gradle-native-3.3.jar
7fcc74003000-7fcc74005000 r--s 00005000 08:01 4334656                    /home/apiiit-rkv/android-studio/gradle/gradle-3.3/lib/gradle-cli-3.3.jar
7fcc74005000-7fcc74007000 r--s 00007000 08:01 4334667                    /home/apiiit-rkv/android-studio/gradle/gradle-3.3/lib/gradle-model-groovy-3.3.jar
7fcc74007000-7fcc74009000 r--s 00006000 08:01 4334674                    /home/apiiit-rkv/android-studio/gradle/gradle-3.3/lib/gradle-base-services-groovy-3.3.jar
7fcc74009000-7fcc7400a000 r--s 00002000 08:01 4334677                    /home/apiiit-rkv/android-studio/gradle/gradle-3.3/lib/gradle-docs-3.3.jar
7fcc7400a000-7fcc744ef000 rw-p 00000000 00:00 0 
7fcc744ef000-7fcc744f0000 ---p 00000000 00:00 0 
7fcc744f0000-7fcc745f0000 rw-p 00000000 00:00 0                          [stack:2976]
7fcc745f0000-7fcc745f1000 ---p 00000000 00:00 0 
7fcc745f1000-7fcc746f1000 rw-p 00000000 00:00 0                          [stack:2975]
7fcc746f1000-7fcc746f2000 ---p 00000000 00:00 0 
7fcc746f2000-7fcc747f2000 rw-p 00000000 00:00 0                          [stack:2974]
7fcc747f2000-7fcc747f3000 ---p 00000000 00:00 0 
7fcc747f3000-7fcc749a4000 rw-p 00000000 00:00 0                          [stack:2973]
7fcc749a4000-7fcc74af3000 ---p 00000000 00:00 0 
7fcc74af3000-7fcc74ba4000 rw-p 00000000 00:00 0 
7fcc74ba4000-7fcc74cf3000 ---p 00000000 00:00 0 
7fcc74cf3000-7fcc74df3000 rw-p 00000000 00:00 0 
7fcc74df3000-7fcc74e9b000 rw-p 00000000 00:00 0 
7fcc74e9b000-7fcc751b4000 ---p 00000000 00:00 0 
7fcc751b4000-7fcc751ce000 r-xp 00000000 08:01 3413870                    /home/apiiit-rkv/android-studio/jre/jre/lib/amd64/libzip.so
7fcc751ce000-7fcc753ce000 ---p 0001a000 08:01 3413870                    /home/apiiit-rkv/android-studio/jre/jre/lib/amd64/libzip.so
7fcc753ce000-7fcc753cf000 r--p 0001a000 08:01 3413870                    /home/apiiit-rkv/android-studio/jre/jre/lib/amd64/libzip.so
7fcc753cf000-7fcc753d0000 rw-p 0001b000 08:01 3413870                    /home/apiiit-rkv/android-studio/jre/jre/lib/amd64/libzip.so
7fcc753d0000-7fcc753dc000 r-xp 00000000 08:01 10490090                   /lib/x86_64-linux-gnu/libnss_files-2.21.so
7fcc753dc000-7fcc755db000 ---p 0000c000 08:01 10490090                   /lib/x86_64-linux-gnu/libnss_files-2.21.so
7fcc755db000-7fcc755dc000 r--p 0000b000 08:01 10490090                   /lib/x86_64-linux-gnu/libnss_files-2.21.so
7fcc755dc000-7fcc755dd000 rw-p 0000c000 08:01 10490090                   /lib/x86_64-linux-gnu/libnss_files-2.21.so
7fcc755dd000-7fcc755e8000 r-xp 00000000 08:01 10490100                   /lib/x86_64-linux-gnu/libnss_nis-2.21.so
7fcc755e8000-7fcc757e7000 ---p 0000b000 08:01 10490100                   /lib/x86_64-linux-gnu/libnss_nis-2.21.so
7fcc757e7000-7fcc757e8000 r--p 0000a000 08:01 10490100                   /lib/x86_64-linux-gnu/libnss_nis-2.21.so
7fcc757e8000-7fcc757e9000 rw-p 0000b000 08:01 10490100                   /lib/x86_64-linux-gnu/libnss_nis-2.21.so
7fcc757e9000-7fcc75800000 r-xp 00000000 08:01 10490084                   /lib/x86_64-linux-gnu/libnsl-2.21.so
7fcc75800000-7fcc759ff000 ---p 00017000 08:01 10490084                   /lib/x86_64-linux-gnu/libnsl-2.21.so
7fcc759ff000-7fcc75a00000 r--p 00016000 08:01 10490084                   /lib/x86_64-linux-gnu/libnsl-2.21.so
7fcc75a00000-7fcc75a01000 rw-p 00017000 08:01 10490084                   /lib/x86_64-linux-gnu/libnsl-2.21.so
7fcc75a01000-7fcc75a03000 rw-p 00000000 00:00 0 
7fcc75a03000-7fcc75a0b000 r-xp 00000000 08:01 10490086                   /lib/x86_64-linux-gnu/libnss_compat-2.21.so
7fcc75a0b000-7fcc75c0a000 ---p 00008000 08:01 10490086                   /lib/x86_64-linux-gnu/libnss_compat-2.21.so
7fcc75c0a000-7fcc75c0b000 r--p 00007000 08:01 10490086                   /lib/x86_64-linux-gnu/libnss_compat-2.21.so
7fcc75c0b000-7fcc75c0c000 rw-p 00008000 08:01 10490086                   /lib/x86_64-linux-gnu/libnss_compat-2.21.so
7fcc75c0c000-7fcc75c39000 r-xp 00000000 08:01 3413880                    /home/apiiit-rkv/android-studio/jre/jre/lib/amd64/libjava.so
7fcc75c39000-7fcc75e38000 ---p 0002d000 08:01 3413880                    /home/apiiit-rkv/android-studio/jre/jre/lib/amd64/libjava.so
7fcc75e38000-7fcc75e39000 r--p 0002c000 08:01 3413880                    /home/apiiit-rkv/android-studio/jre/jre/lib/amd64/libjava.so
7fcc75e39000-7fcc75e3b000 rw-p 0002d000 08:01 3413880                    /home/apiiit-rkv/android-studio/jre/jre/lib/amd64/libjava.so
7fcc75e3b000-7fcc75e4b000 r-xp 00000000 08:01 3413896                    /home/apiiit-rkv/android-studio/jre/jre/lib/amd64/libverify.so
7fcc75e4b000-7fcc7604a000 ---p 00010000 08:01 3413896                    /home/apiiit-rkv/android-studio/jre/jre/lib/amd64/libverify.so
7fcc7604a000-7fcc7604c000 r--p 0000f000 08:01 3413896                    /home/apiiit-rkv/android-studio/jre/jre/lib/amd64/libverify.so
7fcc7604c000-7fcc7604d000 rw-p 00011000 08:01 3413896                    /home/apiiit-rkv/android-studio/jre/jre/lib/amd64/libverify.so
7fcc7604d000-7fcc76054000 r-xp 00000000 08:01 10490145                   /lib/x86_64-linux-gnu/librt-2.21.so
7fcc76054000-7fcc76253000 ---p 00007000 08:01 10490145                   /lib/x86_64-linux-gnu/librt-2.21.so
7fcc76253000-7fcc76254000 r--p 00006000 08:01 10490145                   /lib/x86_64-linux-gnu/librt-2.21.so
7fcc76254000-7fcc76255000 rw-p 00007000 08:01 10490145                   /lib/x86_64-linux-gnu/librt-2.21.so
7fcc76255000-7fcc7635c000 r-xp 00000000 08:01 10490063                   /lib/x86_64-linux-gnu/libm-2.21.so
7fcc7635c000-7fcc7655b000 ---p 00107000 08:01 10490063                   /lib/x86_64-linux-gnu/libm-2.21.so
7fcc7655b000-7fcc7655c000 r--p 00106000 08:01 10490063                   /lib/x86_64-linux-gnu/libm-2.21.so
7fcc7655c000-7fcc7655d000 rw-p 00107000 08:01 10490063                   /lib/x86_64-linux-gnu/libm-2.21.so
7fcc7655d000-7fcc77143000 r-xp 00000000 08:01 3413900                    /home/apiiit-rkv/android-studio/jre/jre/lib/amd64/server/libjvm.so
7fcc77143000-7fcc77343000 ---p 00be6000 08:01 3413900                    /home/apiiit-rkv/android-studio/jre/jre/lib/amd64/server/libjvm.so
7fcc77343000-7fcc773e2000 r--p 00be6000 08:01 3413900                    /home/apiiit-rkv/android-studio/jre/jre/lib/amd64/server/libjvm.so
7fcc773e2000-7fcc7740b000 rw-p 00c85000 08:01 3413900                    /home/apiiit-rkv/android-studio/jre/jre/lib/amd64/server/libjvm.so
7fcc7740b000-7fcc7744d000 rw-p 00000000 00:00 0 
7fcc7744d000-7fcc77465000 r-xp 00000000 08:01 10490137                   /lib/x86_64-linux-gnu/libpthread-2.21.so
7fcc77465000-7fcc77665000 ---p 00018000 08:01 10490137                   /lib/x86_64-linux-gnu/libpthread-2.21.so
7fcc77665000-7fcc77666000 r--p 00018000 08:01 10490137                   /lib/x86_64-linux-gnu/libpthread-2.21.so
7fcc77666000-7fcc77667000 rw-p 00019000 08:01 10490137                   /lib/x86_64-linux-gnu/libpthread-2.21.so
7fcc77667000-7fcc7766b000 rw-p 00000000 00:00 0 
7fcc7766b000-7fcc7766e000 r-xp 00000000 08:01 10490021                   /lib/x86_64-linux-gnu/libdl-2.21.so
7fcc7766e000-7fcc7786d000 ---p 00003000 08:01 10490021                   /lib/x86_64-linux-gnu/libdl-2.21.so
7fcc7786d000-7fcc7786e000 r--p 00002000 08:01 10490021                   /lib/x86_64-linux-gnu/libdl-2.21.so
7fcc7786e000-7fcc7786f000 rw-p 00003000 08:01 10490021                   /lib/x86_64-linux-gnu/libdl-2.21.so
7fcc7786f000-7fcc77a2f000 r-xp 00000000 08:01 10490004                   /lib/x86_64-linux-gnu/libc-2.21.so
7fcc77a2f000-7fcc77c2f000 ---p 001c0000 08:01 10490004                   /lib/x86_64-linux-gnu/libc-2.21.so
7fcc77c2f000-7fcc77c33000 r--p 001c0000 08:01 10490004                   /lib/x86_64-linux-gnu/libc-2.21.so
7fcc77c33000-7fcc77c35000 rw-p 001c4000 08:01 10490004                   /lib/x86_64-linux-gnu/libc-2.21.so
7fcc77c35000-7fcc77c39000 rw-p 00000000 00:00 0 
7fcc77c39000-7fcc77c4f000 r-xp 00000000 08:01 3413760                    /home/apiiit-rkv/android-studio/jre/lib/amd64/jli/libjli.so
7fcc77c4f000-7fcc77e4e000 ---p 00016000 08:01 3413760                    /home/apiiit-rkv/android-studio/jre/lib/amd64/jli/libjli.so
7fcc77e4e000-7fcc77e4f000 r--p 00015000 08:01 3413760                    /home/apiiit-rkv/android-studio/jre/lib/amd64/jli/libjli.so
7fcc77e4f000-7fcc77e50000 rw-p 00016000 08:01 3413760                    /home/apiiit-rkv/android-studio/jre/lib/amd64/jli/libjli.so
7fcc77e50000-7fcc77e74000 r-xp 00000000 08:01 10489976                   /lib/x86_64-linux-gnu/ld-2.21.so
7fcc77e74000-7fcc77e75000 r--s 00000000 08:01 4334673                    /home/apiiit-rkv/android-studio/gradle/gradle-3.3/lib/javax.inject-1.jar
7fcc77e75000-7fcc77e76000 r--s 00000000 08:01 4334672                    /home/apiiit-rkv/android-studio/gradle/gradle-3.3/lib/jcip-annotations-1.0.jar
7fcc77e76000-7fcc77e7a000 r--s 00027000 08:01 4334671                    /home/apiiit-rkv/android-studio/gradle/gradle-3.3/lib/commons-io-2.2.jar
7fcc77e7a000-7fcc77e7f000 r--s 00038000 08:01 4334668                    /home/apiiit-rkv/android-studio/gradle/gradle-3.3/lib/asm-all-5.1.jar
7fcc77e7f000-7fcc77e80000 r--s 00001000 08:01 4334664                    /home/apiiit-rkv/android-studio/gradle/gradle-3.3/lib/gradle-process-services-3.3.jar
7fcc77e80000-7fcc77e82000 r--s 00000000 08:01 4334654                    /home/apiiit-rkv/android-studio/gradle/gradle-3.3/lib/gradle-jvm-services-3.3.jar
7fcc77e82000-7fcc77e83000 r--s 00000000 08:01 4334819                    /home/apiiit-rkv/android-studio/gradle/gradle-3.3/lib/gradle-version-info-3.3.jar
7fcc77e83000-7fcc77e88000 r--s 00041000 08:01 4334663                    /home/apiiit-rkv/android-studio/gradle/gradle-3.3/lib/commons-lang-2.6.jar
7fcc77e88000-7fcc77f4a000 rw-p 00000000 00:00 0 
7fcc77f4a000-7fcc77f4d000 ---p 00000000 00:00 0 
7fcc77f4d000-7fcc7804f000 rw-p 00000000 00:00 0                          [stack:2970]
7fcc7804f000-7fcc78050000 r--s 00007000 08:01 4334661                    /home/apiiit-rkv/android-studio/gradle/gradle-3.3/lib/slf4j-api-1.7.10.jar
7fcc78050000-7fcc78051000 r--s 00004000 08:01 4334686                    /home/apiiit-rkv/android-studio/gradle/gradle-3.3/lib/ant-launcher-1.9.6.jar
7fcc78051000-7fcc7805a000 r--s 00042000 08:01 4334653                    /home/apiiit-rkv/android-studio/gradle/gradle-3.3/lib/gradle-base-services-3.3.jar
7fcc7805a000-7fcc78067000 r--s 0005c000 08:01 4334650                    /home/apiiit-rkv/android-studio/gradle/gradle-3.3/lib/gradle-launcher-3.3.jar
7fcc78067000-7fcc7806f000 rw-s 00000000 08:01 16519429                   /tmp/hsperfdata_apiiit-rkv/2968
7fcc7806f000-7fcc78070000 rw-p 00000000 00:00 0 
7fcc78070000-7fcc78071000 ---p 00000000 00:00 0 
7fcc78071000-7fcc78073000 rw-p 00000000 00:00 0 
7fcc78073000-7fcc78074000 r--p 00023000 08:01 10489976                   /lib/x86_64-linux-gnu/ld-2.21.so
7fcc78074000-7fcc78075000 rw-p 00024000 08:01 10489976                   /lib/x86_64-linux-gnu/ld-2.21.so
7fcc78075000-7fcc78076000 rw-p 00000000 00:00 0 
7ffd4e4de000-7ffd4e4ff000 rw-p 00000000 00:00 0                          [stack]
7ffd4e58b000-7ffd4e58d000 r--p 00000000 00:00 0                          [vvar]
7ffd4e58d000-7ffd4e58f000 r-xp 00000000 00:00 0                          [vdso]
ffffffffff600000-ffffffffff601000 r-xp 00000000 00:00 0                  [vsyscall]

VM Arguments:
jvm_args: -Xmx1536m -Dfile.encoding=UTF-8 -Duser.country=IN -Duser.language=en -Duser.variant 
java_command: org.gradle.launcher.daemon.bootstrap.GradleDaemon 3.3
java_class_path (initial): /home/apiiit-rkv/android-studio/gradle/gradle-3.3/lib/gradle-launcher-3.3.jar
Launcher Type: SUN_STANDARD

Environment Variables:
PATH=/usr/local/sbin:/usr/local/bin:/usr/sbin:/usr/bin:/sbin:/bin:/usr/games:/usr/local/games
SHELL=/bin/bash
DISPLAY=:0

Signal Handlers:
SIGSEGV: [libjvm.so+0x9daac0], sa_mask[0]=11111111011111111101111111111110, sa_flags=SA_RESTART|SA_SIGINFO
SIGBUS: [libjvm.so+0x9daac0], sa_mask[0]=11111111011111111101111111111110, sa_flags=SA_RESTART|SA_SIGINFO
SIGFPE: [libjvm.so+0x840d90], sa_mask[0]=11111111011111111101111111111110, sa_flags=SA_RESTART|SA_SIGINFO
SIGPIPE: [libjvm.so+0x840d90], sa_mask[0]=11111111011111111101111111111110, sa_flags=SA_RESTART|SA_SIGINFO
SIGXFSZ: [libjvm.so+0x840d90], sa_mask[0]=11111111011111111101111111111110, sa_flags=SA_RESTART|SA_SIGINFO
SIGILL: [libjvm.so+0x840d90], sa_mask[0]=11111111011111111101111111111110, sa_flags=SA_RESTART|SA_SIGINFO
SIGUSR1: SIG_DFL, sa_mask[0]=00000000000000000000000000000000, sa_flags=none
SIGUSR2: [libjvm.so+0x840c60], sa_mask[0]=00100000000000000000000000000000, sa_flags=SA_RESTART|SA_SIGINFO
SIGHUP: [libjvm.so+0x840e50], sa_mask[0]=11111111011111111101111111111110, sa_flags=SA_RESTART|SA_SIGINFO
SIGINT: [libjvm.so+0x840e50], sa_mask[0]=11111111011111111101111111111110, sa_flags=SA_RESTART|SA_SIGINFO
SIGTERM: [libjvm.so+0x840e50], sa_mask[0]=11111111011111111101111111111110, sa_flags=SA_RESTART|SA_SIGINFO
SIGQUIT: [libjvm.so+0x840e50], sa_mask[0]=11111111011111111101111111111110, sa_flags=SA_RESTART|SA_SIGINFO


---------------  S Y S T E M  ---------------

OS:DISTRIB_ID=Ubuntu
DISTRIB_RELEASE=15.04
DISTRIB_CODENAME=vivid
DISTRIB_DESCRIPTION="Ubuntu 15.04"

uname:Linux 3.19.0-30-generic #34-Ubuntu SMP Fri Oct 2 22:08:41 UTC 2015 x86_64
libc:glibc 2.21 NPTL 2.21 
rlimit: STACK 8192k, CORE 0k, NPROC 14998, NOFILE 65536, AS infinity
load average:3.50 1.47 0.98

/proc/meminfo:
MemTotal:        3862012 kB
MemFree:          123436 kB
MemAvailable:     109844 kB
Buffers:            7988 kB
Cached:           383592 kB
SwapCached:            0 kB
Active:          3257376 kB
Inactive:         331288 kB
Active(anon):    3204632 kB
Inactive(anon):   277836 kB
Active(file):      52744 kB
Inactive(file):    53452 kB
Unevictable:          32 kB
Mlocked:              32 kB
SwapTotal:             0 kB
SwapFree:              0 kB
Dirty:              5840 kB
Writeback:             0 kB
AnonPages:       3197444 kB
Mapped:           122108 kB
Shmem:            285132 kB
Slab:              68344 kB
SReclaimable:      35540 kB
SUnreclaim:        32804 kB
KernelStack:        8816 kB
PageTables:        35620 kB
NFS_Unstable:          0 kB
Bounce:                0 kB
WritebackTmp:          0 kB
CommitLimit:     1931004 kB
Committed_AS:    6470316 kB
VmallocTotal:   34359738367 kB
VmallocUsed:      544088 kB
VmallocChunk:   34359177180 kB
HardwareCorrupted:     0 kB
AnonHugePages:    993280 kB
CmaTotal:              0 kB
CmaFree:               0 kB
HugePages_Total:       0
HugePages_Free:        0
HugePages_Rsvd:        0
HugePages_Surp:        0
Hugepagesize:       2048 kB
DirectMap4k:      136956 kB
DirectMap2M:     3870720 kB


CPU:total 4 (2 cores per cpu, 2 threads per core) family 6 model 58 stepping 9, cmov, cx8, fxsr, mmx, sse, sse2, sse3, ssse3, sse4.1, sse4.2, popcnt, avx, aes, clmul, erms, ht, tsc, tscinvbit, tscinv

/proc/cpuinfo:
processor	: 0
vendor_id	: GenuineIntel
cpu family	: 6
model		: 58
model name	: Intel(R) Core(TM) i5-3230M CPU @ 2.60GHz
stepping	: 9
microcode	: 0x15
cpu MHz		: 2999.953
cache size	: 3072 KB
physical id	: 0
siblings	: 4
core id		: 0
cpu cores	: 2
apicid		: 0
initial apicid	: 0
fpu		: yes
fpu_exception	: yes
cpuid level	: 13
wp		: yes
flags		: fpu vme de pse tsc msr pae mce cx8 apic sep mtrr pge mca cmov pat pse36 clflush dts acpi mmx fxsr sse sse2 ss ht tm pbe syscall nx rdtscp lm constant_tsc arch_perfmon pebs bts rep_good nopl xtopology nonstop_tsc aperfmperf eagerfpu pni pclmulqdq dtes64 monitor ds_cpl vmx est tm2 ssse3 cx16 xtpr pdcm pcid sse4_1 sse4_2 x2apic popcnt tsc_deadline_timer aes xsave avx f16c rdrand lahf_lm ida arat epb pln pts dtherm tpr_shadow vnmi flexpriority ept vpid fsgsbase smep erms xsaveopt
bugs		:
bogomips	: 5188.39
clflush size	: 64
cache_alignment	: 64
address sizes	: 36 bits physical, 48 bits virtual
power management:

processor	: 1
vendor_id	: GenuineIntel
cpu family	: 6
model		: 58
model name	: Intel(R) Core(TM) i5-3230M CPU @ 2.60GHz
stepping	: 9
microcode	: 0x15
cpu MHz		: 3006.859
cache size	: 3072 KB
physical id	: 0
siblings	: 4
core id		: 0
cpu cores	: 2
apicid		: 1
initial apicid	: 1
fpu		: yes
fpu_exception	: yes
cpuid level	: 13
wp		: yes
flags		: fpu vme de pse tsc msr pae mce cx8 apic sep mtrr pge mca cmov pat pse36 clflush dts acpi mmx fxsr sse sse2 ss ht tm pbe syscall nx rdtscp lm constant_tsc arch_perfmon pebs bts rep_good nopl xtopology nonstop_tsc aperfmperf eagerfpu pni pclmulqdq dtes64 monitor ds_cpl vmx est tm2 ssse3 cx16 xtpr pdcm pcid sse4_1 sse4_2 x2apic popcnt tsc_deadline_timer aes xsave avx f16c rdrand lahf_lm ida arat epb pln pts dtherm tpr_shadow vnmi flexpriority ept vpid fsgsbase smep erms xsaveopt
bugs		:
bogomips	: 5188.39
clflush size	: 64
cache_alignment	: 64
address sizes	: 36 bits physical, 48 bits virtual
power management:

processor	: 2
vendor_id	: GenuineIntel
cpu family	: 6
model		: 58
model name	: Intel(R) Core(TM) i5-3230M CPU @ 2.60GHz
stepping	: 9
microcode	: 0x15
cpu MHz		: 3018.234
cache size	: 3072 KB
physical id	: 0
siblings	: 4
core id		: 1
cpu cores	: 2
apicid		: 2
initial apicid	: 2
fpu		: yes
fpu_exception	: yes
cpuid level	: 13
wp		: yes
flags		: fpu vme de pse tsc msr pae mce cx8 apic sep mtrr pge mca cmov pat pse36 clflush dts acpi mmx fxsr sse sse2 ss ht tm pbe syscall nx rdtscp lm constant_tsc arch_perfmon pebs bts rep_good nopl xtopology nonstop_tsc aperfmperf eagerfpu pni pclmulqdq dtes64 monitor ds_cpl vmx est tm2 ssse3 cx16 xtpr pdcm pcid sse4_1 sse4_2 x2apic popcnt tsc_deadline_timer aes xsave avx f16c rdrand lahf_lm ida arat epb pln pts dtherm tpr_shadow vnmi flexpriority ept vpid fsgsbase smep erms xsaveopt
bugs		:
bogomips	: 5188.39
clflush size	: 64
cache_alignment	: 64
address sizes	: 36 bits physical, 48 bits virtual
power management:

processor	: 3
vendor_id	: GenuineIntel
cpu family	: 6
model		: 58
model name	: Intel(R) Core(TM) i5-3230M CPU @ 2.60GHz
stepping	: 9
microcode	: 0x15
cpu MHz		: 2915.453
cache size	: 3072 KB
physical id	: 0
siblings	: 4
core id		: 1
cpu cores	: 2
apicid		: 3
initial apicid	: 3
fpu		: yes
fpu_exception	: yes
cpuid level	: 13
wp		: yes
flags		: fpu vme de pse tsc msr pae mce cx8 apic sep mtrr pge mca cmov pat pse36 clflush dts acpi mmx fxsr sse sse2 ss ht tm pbe syscall nx rdtscp lm constant_tsc arch_perfmon pebs bts rep_good nopl xtopology nonstop_tsc aperfmperf eagerfpu pni pclmulqdq dtes64 monitor ds_cpl vmx est tm2 ssse3 cx16 xtpr pdcm pcid sse4_1 sse4_2 x2apic popcnt tsc_deadline_timer aes xsave avx f16c rdrand lahf_lm ida arat epb pln pts dtherm tpr_shadow vnmi flexpriority ept vpid fsgsbase smep erms xsaveopt
bugs		:
bogomips	: 5188.39
clflush size	: 64
cache_alignment	: 64
address sizes	: 36 bits physical, 48 bits virtual
power management:



Memory: 4k page, physical 3862012k(123188k free), swap 0k(0k free)

vm_info: OpenJDK 64-Bit Server VM (25.76-b03) for linux-amd64 JRE (1.8.0_76-release-b03), built on Jun 29 2016 09:39:19 by "builder" with gcc 4.8.4

time: Fri Mar 30 22:55:40 2018
elapsed time: 430 seconds (0d 0h 7m 10s)

